[20:48:11] [main/INFO]: Loading Minecraft 1.21 with Fabric Loader 0.16.3
[20:48:11] [main/INFO]: Loading 6 mods:
	- fabricloader 0.16.3
	   \-- mixinextras 0.4.1
	- java 21
	- minecraft 1.21
	- skinrestorer 2.2.1+1.21-fabric
	   \-- org_mineskin_java-client 3.0.1-SNAPSHOT
[20:48:11] [main/INFO]: SpongePowered MIXIN Subsystem Version=0.8.7 Source=file:/workspaces/mc_X/servidor_minecraft/libraries/net/fabricmc/sponge-mixin/0.15.2+mixin.0.8.7/sponge-mixin-0.15.2+mixin.0.8.7.jar Service=Knot/Fabric Env=SERVER
[20:48:21] [main/WARN]: fabric-api is not loaded, SkinShuffle compatibility will not be available
[20:48:21] [main/INFO]: Environment: Environment[sessionHost=https://sessionserver.mojang.com, servicesHost=https://api.minecraftservices.com, name=PROD]
[20:48:21] [main/INFO]: Initializing MixinExtras via com.llamalad7.mixinextras.service.MixinExtrasServiceImpl(version=0.4.1).
[20:48:25] [main/INFO]: Loaded 1290 recipes
[20:48:25] [main/INFO]: Loaded 1399 advancements
[20:48:26] [Server thread/INFO]: Starting minecraft server version 1.21
[20:48:26] [Server thread/INFO]: Loading properties
[20:48:26] [Server thread/INFO]: Default game type: SURVIVAL
[20:48:26] [Server thread/INFO]: Generating keypair
[20:48:26] [Server thread/INFO]: Starting Minecraft server on *:25565
[20:48:27] [Server thread/INFO]: Using epoll channel type
[20:48:27] [Server thread/WARN]: **** SERVER IS RUNNING IN OFFLINE/INSECURE MODE!
[20:48:27] [Server thread/WARN]: The server will make no attempt to authenticate usernames. Beware.
[20:48:27] [Server thread/WARN]: While this makes the game possible to play without internet access, it also opens up the ability for hackers to connect with any username they choose.
[20:48:27] [Server thread/WARN]: To change this, set "online-mode" to "true" in the server.properties file.
[20:48:27] [Server thread/INFO]: Preparing level "world"
[20:48:35] [Server thread/INFO]: Preparing start region for dimension minecraft:overworld
[20:48:35] [Worker-Main-1/INFO]: Preparing spawn area: 0%
[20:48:35] [Worker-Main-1/INFO]: Preparing spawn area: 0%
[20:48:36] [Server thread/INFO]: Time elapsed: 993 ms
[20:48:36] [Server thread/INFO]: Done (8.893s)! For help, type "help"
[20:49:20] [Thread-8/WARN]: Failed to fetch skin: not found
[20:49:21] [Server thread/INFO]: Abstem[/172.23.105.160:63435] logged in with entity id 48 at (206.78903754252713, 71.0, -21.28372383115504)
[20:49:21] [Server thread/INFO]: Abstem joined the game
[20:54:43] [Server thread/INFO]: [Abstem: Skin changed]
[20:55:13] [Server thread/INFO]: Abstem went up in flames
[20:57:45] [Server thread/INFO]: Abstem lost connection: Disconnected
[20:57:45] [Server thread/INFO]: Abstem left the game
