[01:15:34] [main/INFO] ========================================
[01:15:34] [main/INFO] Minecraft: 1.21.1
[01:15:34] [main/INFO] Side: server
[01:15:34] [main/INFO] Development: false
[01:15:34] [main/INFO] Version: 16.0.783
[01:15:34] [main/INFO] Loader:
[01:15:34] [main/INFO] - Fabric: 0.16.3
[01:15:34] [main/INFO] - Fabric API: 0.106.0+1.21.1
[01:15:34] [main/INFO] Dependencies:
[01:15:34] [main/INFO] - Cloth Config: 15.0.140
[01:15:34] [main/INFO] - Architectury: 13.0.6
[01:15:34] [main/INFO] Mixin: 0.8.7
[01:15:34] [main/INFO] OS: Linux 6.8.0-1026-azure (amd64)
[01:15:34] [main/INFO] Java: 21.0.6 (Ubuntu)
[01:15:34] [main/INFO] ========================================
[01:15:34] [main/INFO] Mods:
[01:15:34] [main/INFO] - accessories: 1.1.0-beta.16+1.21.1
[01:15:34] [main/INFO] - actualfishing: 1.0.1
[01:15:34] [main/INFO] - aether: 1.5.1-beta.5
[01:15:34] [main/INFO] - appleskin: 3.0.5+mc1.21
[01:15:34] [main/INFO] - archers: 2.2.0+1.21.1
[01:15:34] [main/INFO] - architectury: 13.0.6
[01:15:34] [main/INFO] - azurelibarmor: 2.3.15
[01:15:34] [main/INFO] - balm-fabric: 21.0.20
[01:15:34] [main/INFO] - bclib: 21.0.13
[01:15:34] [main/INFO] - bettercombat: 2.0.4+1.21.1
[01:15:34] [main/INFO] - betterend: 21.0.11
[01:15:34] [main/INFO] - betternether: 21.0.11
[01:15:34] [main/INFO] - betterstats: 3.13.2+fabric-1.21
[01:15:34] [main/INFO] - blue_endless_jankson: 1.2.3
[01:15:34] [main/INFO] - cardinal-components-base: 6.1.0
[01:15:34] [main/INFO] - cardinal-components-entity: 6.1.0
[01:15:34] [main/INFO] - cleanview: 1.21.1-v1-fabric
[01:15:34] [main/INFO] - clienttweaks: 21.1.1
[01:15:34] [main/INFO] - cloth-basic-math: 0.6.1
[01:15:34] [main/INFO] - cloth-config: 15.0.140
[01:15:34] [main/INFO] - cloth-config: 15.0.140
[01:15:34] [main/INFO] - collective: 7.84
[01:15:34] [main/INFO] - com_electronwill_night-config_core: 3.8.0
[01:15:34] [main/INFO] - com_electronwill_night-config_toml: 3.8.0
[01:15:34] [main/INFO] - com_github_zsoltmolnarrr_tinyconfig: 2.3.2
[01:15:34] [main/INFO] - com_google_code_findbugs_jsr305: 3.0.2
[01:15:34] [main/INFO] - com_teamresourceful_bytecodecs: 1.1.0
[01:15:34] [main/INFO] - com_teamresourceful_yabn: 1.0.3
[01:15:34] [main/INFO] - com_twelvemonkeys_common_common-image: 3.12.0
[01:15:34] [main/INFO] - com_twelvemonkeys_common_common-io: 3.12.0
[01:15:34] [main/INFO] - com_twelvemonkeys_common_common-lang: 3.12.0
[01:15:34] [main/INFO] - com_twelvemonkeys_imageio_imageio-core: 3.12.0
[01:15:34] [main/INFO] - com_twelvemonkeys_imageio_imageio-metadata: 3.12.0
[01:15:34] [main/INFO] - com_twelvemonkeys_imageio_imageio-webp: 3.12.0
[01:15:34] [main/INFO] - com_velocitypowered_velocity-native: 3.3.0-SNAPSHOT
[01:15:34] [main/INFO] - combat-plus-core: 3.1.0+1.21
[01:15:34] [main/INFO] - combat_roll: 2.0.2+1.21.1
[01:15:34] [main/INFO] - common-protection-api: 1.0.0
[01:15:34] [main/INFO] - controlify: 2.0.0-beta.17+1.21-fabric
[01:15:34] [main/INFO] - craterlib: 2.1.1
[01:15:34] [main/INFO] - cumulus_menus: 2.0.0
[01:15:34] [main/INFO] - darkness: 1.1.3
[01:15:34] [main/INFO] - debugify: 1.21.1+1.0
[01:15:34] [main/INFO] - dev_isxander_libsdl4j: 3.preview-3.1.3-46
[01:15:34] [main/INFO] - dev_isxander_steamdeck4j: 1.1.6
[01:15:34] [main/INFO] - duckling: 5.0.1
[01:15:34] [main/INFO] - dynamiccrosshair: 9.3
[01:15:34] [main/INFO] - dynamiccrosshair-api: 1.1
[01:15:34] [main/INFO] - e4mc_minecraft: 5.2.1
[01:15:34] [main/INFO] - eg_particle_interactions: 0.4
[01:15:34] [main/INFO] - elevatorid: 1.21-1.11.1
[01:15:34] [main/INFO] - error_notifier: 1.0.11
[01:15:34] [main/INFO] - eternal_starlight: 0.2.1+1.21.1+fabric
[01:15:34] [main/INFO] - extended-enchanting: 2.0.0+1.21
[01:15:34] [main/INFO] - fabric-api: 0.106.0+1.21.1
[01:15:34] [main/INFO] - fabric-api: 0.106.0+1.21.1
[01:15:34] [main/INFO] - fabric-api-base: 0.4.42+6573ed8c19
[01:15:34] [main/INFO] - fabric-api-lookup-api-v1: 1.6.68+b559734419
[01:15:34] [main/INFO] - fabric-biome-api-v1: 13.0.29+5bd9f1bc19
[01:15:34] [main/INFO] - fabric-block-api-v1: 1.0.22+0af3f5a719
[01:15:34] [main/INFO] - fabric-block-view-api-v2: 1.0.10+6573ed8c19
[01:15:34] [main/INFO] - fabric-command-api-v1: 1.2.49+f71b366f19
[01:15:34] [main/INFO] - fabric-command-api-v2: 2.2.28+6ced4dd919
[01:15:34] [main/INFO] - fabric-commands-v0: 0.2.66+df3654b319
[01:15:34] [main/INFO] - fabric-content-registries-v0: 8.0.16+b559734419
[01:15:34] [main/INFO] - fabric-convention-tags-v1: 2.1.0+7f945d5b19
[01:15:34] [main/INFO] - fabric-convention-tags-v2: 2.9.0+83a9d31319
[01:15:34] [main/INFO] - fabric-crash-report-info-v1: 0.2.29+0af3f5a719
[01:15:34] [main/INFO] - fabric-data-attachment-api-v1: 1.1.28+1daea21519
[01:15:34] [main/INFO] - fabric-data-generation-api-v1: 20.2.21+16c4ae2519
[01:15:34] [main/INFO] - fabric-dimensions-v1: 4.0.0+6fc22b9919
[01:15:34] [main/INFO] - fabric-entity-events-v1: 1.7.0+2122d82819
[01:15:34] [main/INFO] - fabric-events-interaction-v0: 0.7.13+ba9dae0619
[01:15:34] [main/INFO] - fabric-game-rule-api-v1: 1.0.53+6ced4dd919
[01:15:34] [main/INFO] - fabric-item-api-v1: 11.1.0+d5debaed19
[01:15:34] [main/INFO] - fabric-item-group-api-v1: 4.1.5+3fc0e55219
[01:15:34] [main/INFO] - fabric-language-kotlin: 1.12.3+kotlin.2.0.21
[01:15:34] [main/INFO] - fabric-lifecycle-events-v1: 2.3.12+6c1df36019
[01:15:34] [main/INFO] - fabric-loot-api-v2: 3.0.14+3f89f5a519
[01:15:34] [main/INFO] - fabric-loot-api-v3: 1.0.2+3f89f5a519
[01:15:34] [main/INFO] - fabric-message-api-v1: 6.0.13+6573ed8c19
[01:15:34] [main/INFO] - fabric-networking-api-v1: 4.3.0+c7469b2119
[01:15:34] [main/INFO] - fabric-object-builder-api-v1: 15.2.0+40875a9319
[01:15:34] [main/INFO] - fabric-particles-v1: 4.0.2+6573ed8c19
[01:15:34] [main/INFO] - fabric-permissions-api-v0: 0.3.1
[01:15:34] [main/INFO] - fabric-recipe-api-v1: 5.0.13+6508971219
[01:15:34] [main/INFO] - fabric-registry-sync-v0: 5.1.3+60c3209b19
[01:15:34] [main/INFO] - fabric-rendering-data-attachment-v1: 0.3.48+73761d2e19
[01:15:34] [main/INFO] - fabric-rendering-fluids-v1: 3.1.6+1daea21519
[01:15:34] [main/INFO] - fabric-resource-conditions-api-v1: 4.3.0+8dc279b119
[01:15:34] [main/INFO] - fabric-resource-loader-v0: 1.3.0+5659912919
[01:15:34] [main/INFO] - fabric-screen-handler-api-v1: 1.3.87+b559734419
[01:15:34] [main/INFO] - fabric-transfer-api-v1: 5.4.0+95bead5f19
[01:15:34] [main/INFO] - fabric-transitive-access-wideners-v1: 6.1.0+1daea21519
[01:15:34] [main/INFO] - fabricloader: 0.16.3
[01:15:34] [main/INFO] - fallingtree: 1.21.1.2
[01:15:34] [main/INFO] - ferritecore: 7.0.1
[01:15:34] [main/INFO] - folk_sisby_kaleido-config: 0.3.1+1.3.1
[01:15:34] [main/INFO] - forgeconfigapiport: 21.1.1
[01:15:34] [main/INFO] - formations: 1.0.2
[01:15:34] [main/INFO] - formationsoverworld: 1.0.4
[01:15:34] [main/INFO] - framework: 0.9.4
[01:15:34] [main/INFO] - ftblibrary: 2101.1.7
[01:15:34] [main/INFO] - ftbultimine: 2101.1.1
[01:15:34] [main/INFO] - furnish: 27
[01:15:34] [main/INFO] - fzzy_config: 0.5.5+1.21
[01:15:34] [main/INFO] - geckolib: 4.7.3
[01:15:34] [main/INFO] - hangglider: 21.1.0
[01:15:34] [main/INFO] - hopobettermineshaft: 1.2.8
[01:15:34] [main/INFO] - hopobetterruinedportal: 1.4.4
[01:15:34] [main/INFO] - iceberg: 1.2.6
[01:15:34] [main/INFO] - io_wispforest_endec: 0.1.5
[01:15:34] [main/INFO] - io_wispforest_endec_gson: 0.1.3
[01:15:34] [main/INFO] - io_wispforest_endec_jankson: 0.1.3
[01:15:34] [main/INFO] - io_wispforest_endec_netty: 0.1.2
[01:15:34] [main/INFO] - itemswapper: 0.7.1
[01:15:34] [main/INFO] - java: 21
[01:15:34] [main/INFO] - jewelry: 2.0.2+1.21.1
[01:15:34] [main/INFO] - krypton: 0.2.8
[01:15:34] [main/INFO] - kuma_api: 21.0.5-SNAPSHOT
[01:15:34] [main/INFO] - lilylib: 1.3.0+1.21
[01:15:34] [main/INFO] - lithium: 0.14.0-snapshot+mc1.21.1-build.88
[01:15:34] [main/INFO] - medieval_buildings: 1.0.2
[01:15:34] [main/INFO] - minecraft: 1.21.1
[01:15:34] [main/INFO] - mixinextras: 0.5.0-beta.3
[01:15:34] [main/INFO] - mixintrace: 1.1.1+1.17
[01:15:34] [main/INFO] - mm_shedaniel: 2.4.1
[01:15:34] [main/INFO] - modernfix: 5.19.3+mc1.21.1
[01:15:34] [main/INFO] - mr_dungeons_andtavernsdeserttemplereplacement: 1-v1.2
[01:15:34] [main/INFO] - mr_dungeons_andtavernsendcastlestandalone: 1-v1.1
[01:15:34] [main/INFO] - mr_dungeons_andtavernsjungletemplereplacement: 1-v1.2
[01:15:34] [main/INFO] - mr_dungeons_andtavernsoceanmonumentreplacement: 1-v1.2
[01:15:34] [main/INFO] - mr_dungeons_andtavernswoodlandmansionreplacement: 1-v1.2
[01:15:34] [main/INFO] - mr_tpa: 1.3.1
[01:15:34] [main/INFO] - mr_wither_shrines: 1.1.1
[01:15:34] [main/INFO] - net_fabricmc_mapping-io: 0.6.1
[01:15:34] [main/INFO] - net_peanuuutz_tomlkt_tomlkt-jvm: 0.3.7
[01:15:34] [main/INFO] - nitrogen_internals: 1.1.21
[01:15:34] [main/INFO] - nochatreports: 1.21-v2.8.0
[01:15:34] [main/INFO] - noisium: 2.3.0+mc1.21-1.21.1
[01:15:34] [main/INFO] - notenoughanimations: 1.7.6
[01:15:34] [main/INFO] - org_antlr_antlr4-runtime: 4.11.1
[01:15:34] [main/INFO] - org_checkerframework_checker-qual: 3.21.2
[01:15:34] [main/INFO] - org_hid4java_hid4java: 0.8.0
[01:15:34] [main/INFO] - org_javassist_javassist: 3.29.2-GA
[01:15:34] [main/INFO] - org_jetbrains_kotlin_kotlin-reflect: 2.0.21
[01:15:34] [main/INFO] - org_jetbrains_kotlin_kotlin-stdlib: 2.0.21
[01:15:34] [main/INFO] - org_jetbrains_kotlin_kotlin-stdlib-jdk7: 2.0.21
[01:15:34] [main/INFO] - org_jetbrains_kotlin_kotlin-stdlib-jdk8: 2.0.21
[01:15:34] [main/INFO] - org_jetbrains_kotlinx_atomicfu-jvm: 0.25.0
[01:15:34] [main/INFO] - org_jetbrains_kotlinx_kotlinx-coroutines-core-jvm: 1.9.0
[01:15:34] [main/INFO] - org_jetbrains_kotlinx_kotlinx-coroutines-jdk8: 1.9.0
[01:15:34] [main/INFO] - org_jetbrains_kotlinx_kotlinx-datetime-jvm: 0.6.1
[01:15:34] [main/INFO] - org_jetbrains_kotlinx_kotlinx-io-bytestring-jvm: 0.5.4
[01:15:34] [main/INFO] - org_jetbrains_kotlinx_kotlinx-io-core-jvm: 0.5.4
[01:15:34] [main/INFO] - org_jetbrains_kotlinx_kotlinx-serialization-cbor-jvm: 1.7.3
[01:15:34] [main/INFO] - org_jetbrains_kotlinx_kotlinx-serialization-core-jvm: 1.7.3
[01:15:34] [main/INFO] - org_jetbrains_kotlinx_kotlinx-serialization-json-jvm: 1.7.3
[01:15:34] [main/INFO] - org_quiltmc_parsers_gson: 0.3.0
[01:15:34] [main/INFO] - org_quiltmc_parsers_json: 0.3.0
[01:15:34] [main/INFO] - org_reflections_reflections: 0.10.2
[01:15:34] [main/INFO] - org_tomlj_tomlj: 1.1.1
[01:15:34] [main/INFO] - owo: 0.12.15+1.21
[01:15:34] [main/INFO] - packet_tweaker: 0.5.5+1.21
[01:15:34] [main/INFO] - paladins: 2.2.0+1.21.1
[01:15:34] [main/INFO] - persistentinventorysearch: 1.5
[01:15:34] [main/INFO] - placeholder-api: 2.4.1+1.21
[01:15:34] [main/INFO] - playeranimator: 2.0.1+1.21.1
[01:15:34] [main/INFO] - polymer-common: 0.9.14+1.21.1
[01:15:34] [main/INFO] - polymer-core: 0.9.14+1.21.1
[01:15:34] [main/INFO] - polymer-networking: 0.9.14+1.21.1
[01:15:34] [main/INFO] - polymer-registry-sync-manipulator: 0.9.14+1.21.1
[01:15:34] [main/INFO] - polymer-resource-pack: 0.9.14+1.21.1
[01:15:34] [main/INFO] - polymer-virtual-entity: 0.9.14+1.21.1
[01:15:34] [main/INFO] - predicate-api: 0.5.1+1.21
[01:15:34] [main/INFO] - puzzleslib: 21.1.24
[01:15:34] [main/INFO] - ranged_weapon_api: 2.0.4+1.21.1
[01:15:34] [main/INFO] - refurbished_furniture: 1.0.8
[01:15:34] [main/INFO] - resourcefullib: 3.0.0
[01:15:34] [main/INFO] - rogues: 2.2.0+1.21.1
[01:15:34] [main/INFO] - roughlyenoughitems: 16.0.783
[01:15:34] [main/INFO] - runes: 1.0.3+1.21.1
[01:15:34] [main/INFO] - scalablelux: 0.1.0+fabric.26c6e72
[01:15:34] [main/INFO] - server_translations_api: 2.3.1+1.21-pre2
[01:15:34] [main/INFO] - sgui: 1.6.0+1.21
[01:15:34] [main/INFO] - shield_api: 2.0.2+1.21.1
[01:15:34] [main/INFO] - shulkerboxtooltip: 5.1.1+1.21.1
[01:15:34] [main/INFO] - simplerpc: 3.3.3
[01:15:34] [main/INFO] - skinlayers3d: 1.6.7
[01:15:34] [main/INFO] - spell_engine: 1.2.0+1.21.1
[01:15:34] [main/INFO] - spell_power: 1.0.7+1.21.1
[01:15:34] [main/INFO] - spellbound_weapons_mr: 4.1.0c
[01:15:34] [main/INFO] - stackdeobfuscator: 1.4.3+08e71cc
[01:15:34] [main/INFO] - stackdeobfuscator-common: 1.4.3+08e71cc
[01:15:34] [main/INFO] - strayed_fates_forsaken: 1-v2.0.0.2
[01:15:34] [main/INFO] - structory: 1.3.9
[01:15:34] [main/INFO] - structory_towers: 1.0.10
[01:15:34] [main/INFO] - structure_pool_api: 1.1.3+1.21.1
[01:15:34] [main/INFO] - suggestion_tweaker: 1.20.6-1.5.2
[01:15:34] [main/INFO] - tcdcommons: 3.12.3+fabric-1.21
[01:15:34] [main/INFO] - threadtweak: 0.1.5+mc1.21.1
[01:15:34] [main/INFO] - totw_modded: fabric-1.21-1.0.5
[01:15:34] [main/INFO] - trade_cycling: 1.21.1-1.0.15
[01:15:34] [main/INFO] - travelersbackpack: 10.1.6
[01:15:34] [main/INFO] - trinkets: 3.10.0
[01:15:34] [main/INFO] - unionlib: 12.0.9
[01:15:34] [main/INFO] - universal-graves: 3.4.4+1.21
[01:15:34] [main/INFO] - voicechat: 1.21.1-2.5.24
[01:15:34] [main/INFO] - waveycapes: 1.4.10
[01:15:34] [main/INFO] - wizards: 2.2.0+1.21.1
[01:15:34] [main/INFO] - wover: 21.0.13
[01:15:34] [main/INFO] - wover-biome: 21.0.13
[01:15:34] [main/INFO] - wover-block: 21.0.13
[01:15:34] [main/INFO] - wover-common: 21.0.13
[01:15:34] [main/INFO] - wover-core: 21.0.13
[01:15:34] [main/INFO] - wover-datagen: 21.0.13
[01:15:34] [main/INFO] - wover-events: 21.0.13
[01:15:34] [main/INFO] - wover-feature: 21.0.13
[01:15:34] [main/INFO] - wover-generator: 21.0.13
[01:15:34] [main/INFO] - wover-item: 21.0.13
[01:15:34] [main/INFO] - wover-math: 21.0.13
[01:15:34] [main/INFO] - wover-preset: 21.0.13
[01:15:34] [main/INFO] - wover-recipe: 21.0.13
[01:15:34] [main/INFO] - wover-structure: 21.0.13
[01:15:34] [main/INFO] - wover-surface: 21.0.13
[01:15:34] [main/INFO] - wover-tag: 21.0.13
[01:15:34] [main/INFO] - wover-ui: 21.0.13
[01:15:34] [main/INFO] - wunderlib: 21.0.8
[01:15:34] [main/INFO] - xaerominimap: 24.7.1
[01:15:34] [main/INFO] - xaeroworldmap: 1.39.2
[01:15:34] [main/INFO] - yet_another_config_lib_v3: 3.6.2+1.21-fabric
[01:15:34] [main/INFO] - yosbr: 0.1.2
[01:15:34] [main/INFO] ========================================
[01:15:34] [main/INFO] [REI] Registered plugin provider AetherREIServerPlugin [aether] for REIPlugin
[01:15:34] [main/INFO] [REI] Registered plugin provider DefaultPlugin [roughlyenoughitems] for REIPlugin
[01:15:34] [main/INFO] [REI] Registered plugin provider DefaultRuntimePlugin [roughlyenoughitems] for REIPlugin
[01:15:34] [main/INFO] [REI] Registered plugin provider AetherREIServerPlugin [aether] for REIServerPlugin
[01:15:34] [main/INFO] [REI] Registered plugin provider DefaultPlugin [roughlyenoughitems] for REIServerPlugin
[01:15:34] [main/INFO] [REI] Registered plugin provider DefaultRuntimePlugin [roughlyenoughitems] for REIServerPlugin
[01:15:34] [main/INFO] [REI] Registered plugin provider FabricFluidAPISupportPlugin for REIServerPlugin
[01:15:34] [main/INFO] [REI] Registered plugin provider FabricFluidAPISupportPlugin for REIPlugin
[01:15:39] [Worker-Main-3/DEBUG] [REI] Processed 0 tags in 24.01 μs for minecraft:worldgen/flat_level_generator_preset
[01:15:39] [Worker-Main-2/DEBUG] [REI] Processed 0 tags in 21.41 μs for minecraft:worldgen/structure
[01:15:39] [Worker-Main-1/DEBUG] [REI] Processed 2 tags in 484.2 μs for minecraft:cat_variant
[01:15:39] [Worker-Main-3/DEBUG] [REI] Processed 3 tags in 18.73 μs for minecraft:instrument
[01:15:39] [Worker-Main-1/DEBUG] [REI] Processed 3 tags in 34.56 μs for minecraft:point_of_interest_type
[01:15:39] [Worker-Main-1/DEBUG] [REI] Processed 5 tags in 26.75 μs for minecraft:sound_event
[01:15:39] [Worker-Main-1/DEBUG] [REI] Processed 5 tags in 91.45 μs for minecraft:game_event
[01:15:39] [Worker-Main-1/DEBUG] [REI] Processed 78 tags in 495.4 μs for minecraft:entity_type
[01:15:39] [Worker-Main-1/DEBUG] [REI] Processed 0 tags in 6.392 μs for minecraft:worldgen/world_preset
[01:15:39] [Worker-Main-1/DEBUG] [REI] Processed 0 tags in 25.52 μs for minecraft:damage_type
[01:15:39] [Worker-Main-1/DEBUG] [REI] Processed 0 tags in 30.40 μs for minecraft:enchantment
[01:15:39] [Worker-Main-3/DEBUG] [REI] Processed 0 tags in 203.5 μs for minecraft:worldgen/biome
[01:15:39] [Worker-Main-3/DEBUG] [REI] Processed 7 tags in 63.88 μs for minecraft:fluid
[01:15:39] [Worker-Main-3/DEBUG] [REI] Processed 0 tags in 5.130 μs for eternal_starlight:crest
[01:15:39] [Worker-Main-3/DEBUG] [REI] Processed 0 tags in 7.604 μs for minecraft:banner_pattern
[01:15:39] [Worker-Main-3/DEBUG] [REI] Processed 0 tags in 46.03 μs for minecraft:painting_variant
[01:15:39] [Worker-Main-2/DEBUG] [REI] Processed 493 tags in 11.10 ms for minecraft:block
[01:15:39] [Worker-Main-2/DEBUG] [REI] Processed 1 tags in 61.79 μs for minecraft:mob_effect
[01:15:39] [Worker-Main-1/DEBUG] [REI] Processed 738 tags in 6.467 ms for minecraft:item
[01:15:40] [main/DEBUG] [REI] Starting Reload Plugins of stage null
java.lang.Throwable
	at me.shedaniel.rei.impl.common.plugins.ReloadManagerImpl.reloadPlugins(ReloadManagerImpl.java:110)
	at me.shedaniel.rei.RoughlyEnoughItemsCore.lambda$onInitialize$5(RoughlyEnoughItemsCore.java:163)
	at java.base/java.util.concurrent.CompletableFuture$UniRun.tryFire(CompletableFuture.java:787)
	at java.base/java.util.concurrent.CompletableFuture$Completion.run(CompletableFuture.java:482)
	at net.minecraft.class_4014.method_18365(class_4014.java:69)
	at net.minecraft.class_156.method_43498(class_156.java:1024)
	at net.minecraft.class_156.method_43499(class_156.java:1012)
	at net.minecraft.server.Main.main(Main.java:182)
	at net.fabricmc.loader.impl.game.minecraft.MinecraftGameProvider.launch(MinecraftGameProvider.java:480)
	at net.fabricmc.loader.impl.launch.knot.Knot.launch(Knot.java:74)
	at net.fabricmc.loader.impl.launch.knot.KnotServer.main(KnotServer.java:23)
	at net.fabricmc.loader.impl.launch.server.FabricServerLauncher.main(FabricServerLauncher.java:69)
	at net.fabricmc.installer.ServerLauncher.main(ServerLauncher.java:69)
[01:15:40] [main/DEBUG] [REI] ========================================
[01:15:40] [main/DEBUG] [REI] REIPlugin starting pre-reload for START.
[01:15:40] [main/DEBUG] [REI] Reloadables (7):
[01:15:40] [main/DEBUG] [REI]  - EntryTypeRegistryImpl
[01:15:40] [main/DEBUG] [REI]  - EntrySettingsAdapterRegistryImpl
[01:15:40] [main/DEBUG] [REI]  - RecipeManagerContextImpl
[01:15:40] [main/DEBUG] [REI]  - ItemComparatorRegistryImpl
[01:15:40] [main/DEBUG] [REI]  - FluidComparatorRegistryImpl
[01:15:40] [main/DEBUG] [REI]  - DisplaySerializerRegistryImpl
[01:15:40] [main/DEBUG] [REI]  - FluidSupportProviderImpl
[01:15:40] [main/DEBUG] [REI] Plugins (4):
[01:15:40] [main/DEBUG] [REI]  - (-100.00) DefaultPlugin of DefaultPlugin [roughlyenoughitems]
[01:15:40] [main/DEBUG] [REI]  - (0.00) FabricFluidAPISupportPlugin
[01:15:40] [main/DEBUG] [REI]  - (0.00) DefaultRuntimePlugin of DefaultRuntimePlugin [roughlyenoughitems]
[01:15:40] [main/DEBUG] [REI]  - (0.00) AetherREIServerPlugin of AetherREIServerPlugin [aether]
[01:15:40] [main/DEBUG] [REI] ========================================
[01:15:40] [main/TRACE] [REI] [REIPlugin START] Reloading Section: "pre-register/"
[01:15:40] [main/TRACE] [REI] [REIPlugin START] Reloading Section: "pre-register/DefaultPlugin of DefaultPlugin [roughlyenoughitems]/"
[01:15:40] [main/TRACE] [REI] [REIPlugin START] Reloading Section: "pre-register/DefaultPlugin of DefaultPlugin [roughlyenoughitems]/" done in 1.057 ms
[01:15:40] [main/TRACE] [REI] [REIPlugin START] Reloading Section: "pre-register/FabricFluidAPISupportPlugin/"
[01:15:40] [main/TRACE] [REI] [REIPlugin START] Reloading Section: "pre-register/FabricFluidAPISupportPlugin/" done in 70.06 μs
[01:15:40] [main/TRACE] [REI] [REIPlugin START] Reloading Section: "pre-register/DefaultRuntimePlugin of DefaultRuntimePlugin [roughlyenoughitems]/"
[01:15:40] [main/TRACE] [REI] [REIPlugin START] Reloading Section: "pre-register/DefaultRuntimePlugin of DefaultRuntimePlugin [roughlyenoughitems]/" done in 62.53 μs
[01:15:40] [main/TRACE] [REI] [REIPlugin START] Reloading Section: "pre-register/AetherREIServerPlugin of AetherREIServerPlugin [aether]/"
[01:15:40] [main/TRACE] [REI] [REIPlugin START] Reloading Section: "pre-register/AetherREIServerPlugin of AetherREIServerPlugin [aether]/" done in 61.84 μs
[01:15:40] [main/TRACE] [REI] [REIPlugin START] Reloading Section: "pre-register/" done in 13.44 ms
[01:15:40] [main/TRACE] [REI] [REIPlugin START] Reloading Section: "pre-stage/"
[01:15:40] [main/TRACE] [REI] [REIPlugin START] Reloading Section: "pre-stage/EntryTypeRegistryImpl/"
[01:15:40] [main/TRACE] [REI] [REIPlugin START] Reloading Section: "pre-stage/EntryTypeRegistryImpl/" done in 218.8 μs
[01:15:40] [main/TRACE] [REI] [REIPlugin START] Reloading Section: "pre-stage/EntrySettingsAdapterRegistryImpl/"
[01:15:40] [main/TRACE] [REI] [REIPlugin START] Reloading Section: "pre-stage/EntrySettingsAdapterRegistryImpl/" done in 64.46 μs
[01:15:40] [main/TRACE] [REI] [REIPlugin START] Reloading Section: "pre-stage/RecipeManagerContextImpl/"
[01:15:40] [main/TRACE] [REI] [REIPlugin START] Reloading Section: "pre-stage/RecipeManagerContextImpl/" done in 53.26 μs
[01:15:40] [main/TRACE] [REI] [REIPlugin START] Reloading Section: "pre-stage/ItemComparatorRegistryImpl/"
[01:15:40] [main/TRACE] [REI] [REIPlugin START] Reloading Section: "pre-stage/ItemComparatorRegistryImpl/" done in 52.62 μs
[01:15:40] [main/TRACE] [REI] [REIPlugin START] Reloading Section: "pre-stage/FluidComparatorRegistryImpl/"
[01:15:40] [main/TRACE] [REI] [REIPlugin START] Reloading Section: "pre-stage/FluidComparatorRegistryImpl/" done in 53.49 μs
[01:15:40] [main/TRACE] [REI] [REIPlugin START] Reloading Section: "pre-stage/DisplaySerializerRegistryImpl/"
[01:15:40] [main/TRACE] [REI] [REIPlugin START] Reloading Section: "pre-stage/DisplaySerializerRegistryImpl/" done in 81.91 μs
[01:15:40] [main/TRACE] [REI] [REIPlugin START] Reloading Section: "pre-stage/FluidSupportProviderImpl/"
[01:15:40] [main/TRACE] [REI] [REIPlugin START] Reloading Section: "pre-stage/FluidSupportProviderImpl/" done in 63.88 μs
[01:15:40] [main/TRACE] [REI] [REIPlugin START] Reloading Section: "pre-stage/" done in 1.653 ms
[01:15:40] [main/DEBUG] [REI] ========================================
[01:15:40] [main/DEBUG] [REI] REIPlugin finished pre-reload for START in 15.68 ms.
[01:15:40] [main/DEBUG] [REI] ========================================
[01:15:40] [main/DEBUG] [REI] ========================================
[01:15:40] [main/DEBUG] [REI] REIServerPlugin starting pre-reload for START.
[01:15:40] [main/DEBUG] [REI] Reloadables (2):
[01:15:40] [main/DEBUG] [REI]  - MenuInfoRegistryImpl
[01:15:40] [main/DEBUG] [REI]  - SlotAccessorRegistryImpl
[01:15:40] [main/DEBUG] [REI] Plugins (4):
[01:15:40] [main/DEBUG] [REI]  - (-100.00) DefaultPlugin of DefaultPlugin [roughlyenoughitems]
[01:15:40] [main/DEBUG] [REI]  - (0.00) FabricFluidAPISupportPlugin
[01:15:40] [main/DEBUG] [REI]  - (0.00) DefaultRuntimePlugin of DefaultRuntimePlugin [roughlyenoughitems]
[01:15:40] [main/DEBUG] [REI]  - (0.00) AetherREIServerPlugin of AetherREIServerPlugin [aether]
[01:15:40] [main/DEBUG] [REI] ========================================
[01:15:40] [main/TRACE] [REI] [REIServerPlugin START] Reloading Section: "pre-register/"
[01:15:40] [main/TRACE] [REI] [REIServerPlugin START] Reloading Section: "pre-register/DefaultPlugin of DefaultPlugin [roughlyenoughitems]/"
[01:15:40] [main/TRACE] [REI] [REIServerPlugin START] Reloading Section: "pre-register/DefaultPlugin of DefaultPlugin [roughlyenoughitems]/" done in 51.77 μs
[01:15:40] [main/TRACE] [REI] [REIServerPlugin START] Reloading Section: "pre-register/FabricFluidAPISupportPlugin/"
[01:15:40] [main/TRACE] [REI] [REIServerPlugin START] Reloading Section: "pre-register/FabricFluidAPISupportPlugin/" done in 54.27 μs
[01:15:40] [main/TRACE] [REI] [REIServerPlugin START] Reloading Section: "pre-register/DefaultRuntimePlugin of DefaultRuntimePlugin [roughlyenoughitems]/"
[01:15:40] [main/TRACE] [REI] [REIServerPlugin START] Reloading Section: "pre-register/DefaultRuntimePlugin of DefaultRuntimePlugin [roughlyenoughitems]/" done in 55.92 μs
[01:15:40] [main/TRACE] [REI] [REIServerPlugin START] Reloading Section: "pre-register/AetherREIServerPlugin of AetherREIServerPlugin [aether]/"
[01:15:40] [main/TRACE] [REI] [REIServerPlugin START] Reloading Section: "pre-register/AetherREIServerPlugin of AetherREIServerPlugin [aether]/" done in 61.28 μs
[01:15:40] [main/TRACE] [REI] [REIServerPlugin START] Reloading Section: "pre-register/" done in 636.9 μs
[01:15:40] [main/TRACE] [REI] [REIServerPlugin START] Reloading Section: "pre-stage/"
[01:15:40] [main/TRACE] [REI] [REIServerPlugin START] Reloading Section: "pre-stage/MenuInfoRegistryImpl/"
[01:15:40] [main/TRACE] [REI] [REIServerPlugin START] Reloading Section: "pre-stage/MenuInfoRegistryImpl/" done in 52.81 μs
[01:15:40] [main/TRACE] [REI] [REIServerPlugin START] Reloading Section: "pre-stage/SlotAccessorRegistryImpl/"
[01:15:40] [main/TRACE] [REI] [REIServerPlugin START] Reloading Section: "pre-stage/SlotAccessorRegistryImpl/" done in 52.18 μs
[01:15:40] [main/TRACE] [REI] [REIServerPlugin START] Reloading Section: "pre-stage/" done in 335.7 μs
[01:15:40] [main/DEBUG] [REI] ========================================
[01:15:40] [main/DEBUG] [REI] REIServerPlugin finished pre-reload for START in 1.147 ms.
[01:15:40] [main/DEBUG] [REI] ========================================
[01:15:40] [main/INFO] [REI] ****************************************
[01:15:40] [main/INFO] [REI] REIPlugin starting main-reload for START.
[01:15:40] [main/DEBUG] [REI] Reloadables (7):
[01:15:40] [main/DEBUG] [REI]  - EntryTypeRegistryImpl
[01:15:40] [main/DEBUG] [REI]  - EntrySettingsAdapterRegistryImpl
[01:15:40] [main/DEBUG] [REI]  - RecipeManagerContextImpl
[01:15:40] [main/DEBUG] [REI]  - ItemComparatorRegistryImpl
[01:15:40] [main/DEBUG] [REI]  - FluidComparatorRegistryImpl
[01:15:40] [main/DEBUG] [REI]  - DisplaySerializerRegistryImpl
[01:15:40] [main/DEBUG] [REI]  - FluidSupportProviderImpl
[01:15:40] [main/INFO] [REI] Plugins (4):
[01:15:40] [main/INFO] [REI]  - (-100.00) DefaultPlugin of DefaultPlugin [roughlyenoughitems]
[01:15:40] [main/INFO] [REI]  - (0.00) FabricFluidAPISupportPlugin
[01:15:40] [main/INFO] [REI]  - (0.00) DefaultRuntimePlugin of DefaultRuntimePlugin [roughlyenoughitems]
[01:15:40] [main/INFO] [REI]  - (0.00) AetherREIServerPlugin of AetherREIServerPlugin [aether]
[01:15:40] [main/INFO] [REI] ****************************************
[01:15:40] [main/TRACE] [REI] [REIPlugin START] Reloading Section: "start-reload/"
[01:15:40] [main/TRACE] [REI] [REIPlugin START] Reloading Section: "start-reload/EntryTypeRegistryImpl/"
[01:15:40] [main/TRACE] [REI] [REIPlugin START] Reloading Section: "start-reload/EntryTypeRegistryImpl/" done in 87.71 μs
[01:15:40] [main/TRACE] [REI] [REIPlugin START] Reloading Section: "start-reload/EntrySettingsAdapterRegistryImpl/"
[01:15:40] [main/TRACE] [REI] [REIPlugin START] Reloading Section: "start-reload/EntrySettingsAdapterRegistryImpl/" done in 68.92 μs
[01:15:40] [main/TRACE] [REI] [REIPlugin START] Reloading Section: "start-reload/RecipeManagerContextImpl/"
[01:15:40] [main/TRACE] [REI] [REIPlugin START] Reloading Section: "start-reload/RecipeManagerContextImpl/" done in 48.05 μs
[01:15:40] [main/TRACE] [REI] [REIPlugin START] Reloading Section: "start-reload/ItemComparatorRegistryImpl/"
[01:15:40] [main/TRACE] [REI] [REIPlugin START] Reloading Section: "start-reload/ItemComparatorRegistryImpl/" done in 61.62 μs
[01:15:40] [main/TRACE] [REI] [REIPlugin START] Reloading Section: "start-reload/FluidComparatorRegistryImpl/"
[01:15:40] [main/TRACE] [REI] [REIPlugin START] Reloading Section: "start-reload/FluidComparatorRegistryImpl/" done in 89.21 μs
[01:15:40] [main/TRACE] [REI] [REIPlugin START] Reloading Section: "start-reload/DisplaySerializerRegistryImpl/"
[01:15:40] [main/TRACE] [REI] [REIPlugin START] Reloading Section: "start-reload/DisplaySerializerRegistryImpl/" done in 68.73 μs
[01:15:40] [main/TRACE] [REI] [REIPlugin START] Reloading Section: "start-reload/FluidSupportProviderImpl/"
[01:15:40] [main/TRACE] [REI] [REIPlugin START] Reloading Section: "start-reload/FluidSupportProviderImpl/" done in 67.46 μs
[01:15:40] [main/TRACE] [REI] [REIPlugin START] Reloading Section: "start-reload/" done in 1.224 ms
[01:15:40] [main/DEBUG] [REI] ========================================
[01:15:40] [main/DEBUG] [REI] REIPlugin started main-reload for START.
[01:15:40] [main/DEBUG] [REI] ========================================
[01:15:40] [main/TRACE] [REI] [REIPlugin START] Reloading Section: "reloadable-plugin/EntryTypeRegistryImpl/"
[01:15:40] [main/TRACE] [REI] [REIPlugin START] Reloading Section: "reloadable-plugin/EntryTypeRegistryImpl/DefaultPlugin of DefaultPlugin [roughlyenoughitems]/"
[01:15:40] [main/TRACE] [REI] [REIPlugin START] Reloading Section: "reloadable-plugin/EntryTypeRegistryImpl/DefaultPlugin of DefaultPlugin [roughlyenoughitems]/" done in 350.8 μs
[01:15:40] [main/TRACE] [REI] [REIPlugin START] Reloading Section: "reloadable-plugin/EntryTypeRegistryImpl/FabricFluidAPISupportPlugin/"
[01:15:40] [main/TRACE] [REI] [REIPlugin START] Reloading Section: "reloadable-plugin/EntryTypeRegistryImpl/FabricFluidAPISupportPlugin/" done in 150.8 μs
[01:15:40] [main/TRACE] [REI] [REIPlugin START] Reloading Section: "reloadable-plugin/EntryTypeRegistryImpl/DefaultRuntimePlugin of DefaultRuntimePlugin [roughlyenoughitems]/"
[01:15:40] [main/TRACE] [REI] [REIPlugin START] Reloading Section: "reloadable-plugin/EntryTypeRegistryImpl/DefaultRuntimePlugin of DefaultRuntimePlugin [roughlyenoughitems]/" done in 5.381 ms
[01:15:40] [main/TRACE] [REI] [REIPlugin START] Reloading Section: "reloadable-plugin/EntryTypeRegistryImpl/AetherREIServerPlugin of AetherREIServerPlugin [aether]/"
[01:15:40] [main/TRACE] [REI] [REIPlugin START] Reloading Section: "reloadable-plugin/EntryTypeRegistryImpl/AetherREIServerPlugin of AetherREIServerPlugin [aether]/" done in 177.6 μs
[01:15:40] [main/TRACE] [REI] [REIPlugin START] Reloading Section: "reloadable-plugin/EntryTypeRegistryImpl/" done in 7.755 ms
[01:15:40] [main/TRACE] [REI] [REIPlugin START] Reloading Section: "reloadable-plugin/EntrySettingsAdapterRegistryImpl/"
[01:15:40] [main/TRACE] [REI] [REIPlugin START] Reloading Section: "reloadable-plugin/EntrySettingsAdapterRegistryImpl/DefaultPlugin of DefaultPlugin [roughlyenoughitems]/"
[01:15:40] [main/TRACE] [REI] [REIPlugin START] Reloading Section: "reloadable-plugin/EntrySettingsAdapterRegistryImpl/DefaultPlugin of DefaultPlugin [roughlyenoughitems]/" done in 135.0 μs
[01:15:40] [main/TRACE] [REI] [REIPlugin START] Reloading Section: "reloadable-plugin/EntrySettingsAdapterRegistryImpl/FabricFluidAPISupportPlugin/"
[01:15:40] [main/TRACE] [REI] [REIPlugin START] Reloading Section: "reloadable-plugin/EntrySettingsAdapterRegistryImpl/FabricFluidAPISupportPlugin/" done in 160.5 μs
[01:15:40] [main/TRACE] [REI] [REIPlugin START] Reloading Section: "reloadable-plugin/EntrySettingsAdapterRegistryImpl/DefaultRuntimePlugin of DefaultRuntimePlugin [roughlyenoughitems]/"
[01:15:40] [main/TRACE] [REI] [REIPlugin START] Reloading Section: "reloadable-plugin/EntrySettingsAdapterRegistryImpl/DefaultRuntimePlugin of DefaultRuntimePlugin [roughlyenoughitems]/" done in 132.9 μs
[01:15:40] [main/TRACE] [REI] [REIPlugin START] Reloading Section: "reloadable-plugin/EntrySettingsAdapterRegistryImpl/AetherREIServerPlugin of AetherREIServerPlugin [aether]/"
[01:15:40] [main/TRACE] [REI] [REIPlugin START] Reloading Section: "reloadable-plugin/EntrySettingsAdapterRegistryImpl/AetherREIServerPlugin of AetherREIServerPlugin [aether]/" done in 121.9 μs
[01:15:40] [main/TRACE] [REI] [REIPlugin START] Reloading Section: "reloadable-plugin/EntrySettingsAdapterRegistryImpl/" done in 1.465 ms
[01:15:40] [main/TRACE] [REI] [REIPlugin START] Reloading Section: "reloadable-plugin/RecipeManagerContextImpl/"
[01:15:40] [main/TRACE] [REI] [REIPlugin START] Reloading Section: "reloadable-plugin/RecipeManagerContextImpl/DefaultPlugin of DefaultPlugin [roughlyenoughitems]/"
[01:15:40] [main/TRACE] [REI] [REIPlugin START] Reloading Section: "reloadable-plugin/RecipeManagerContextImpl/DefaultPlugin of DefaultPlugin [roughlyenoughitems]/" done in 123.8 μs
[01:15:40] [main/TRACE] [REI] [REIPlugin START] Reloading Section: "reloadable-plugin/RecipeManagerContextImpl/FabricFluidAPISupportPlugin/"
[01:15:40] [main/TRACE] [REI] [REIPlugin START] Reloading Section: "reloadable-plugin/RecipeManagerContextImpl/FabricFluidAPISupportPlugin/" done in 124.3 μs
[01:15:40] [main/TRACE] [REI] [REIPlugin START] Reloading Section: "reloadable-plugin/RecipeManagerContextImpl/DefaultRuntimePlugin of DefaultRuntimePlugin [roughlyenoughitems]/"
[01:15:40] [main/TRACE] [REI] [REIPlugin START] Reloading Section: "reloadable-plugin/RecipeManagerContextImpl/DefaultRuntimePlugin of DefaultRuntimePlugin [roughlyenoughitems]/" done in 118.0 μs
[01:15:40] [main/TRACE] [REI] [REIPlugin START] Reloading Section: "reloadable-plugin/RecipeManagerContextImpl/AetherREIServerPlugin of AetherREIServerPlugin [aether]/"
[01:15:40] [main/TRACE] [REI] [REIPlugin START] Reloading Section: "reloadable-plugin/RecipeManagerContextImpl/AetherREIServerPlugin of AetherREIServerPlugin [aether]/" done in 135.5 μs
[01:15:40] [main/TRACE] [REI] [REIPlugin START] Reloading Section: "reloadable-plugin/RecipeManagerContextImpl/" done in 1.350 ms
[01:15:40] [main/TRACE] [REI] [REIPlugin START] Reloading Section: "reloadable-plugin/ItemComparatorRegistryImpl/"
[01:15:40] [main/TRACE] [REI] [REIPlugin START] Reloading Section: "reloadable-plugin/ItemComparatorRegistryImpl/DefaultPlugin of DefaultPlugin [roughlyenoughitems]/"
[01:15:40] [main/TRACE] [REI] [REIPlugin START] Reloading Section: "reloadable-plugin/ItemComparatorRegistryImpl/DefaultPlugin of DefaultPlugin [roughlyenoughitems]/" done in 843.5 μs
[01:15:40] [main/TRACE] [REI] [REIPlugin START] Reloading Section: "reloadable-plugin/ItemComparatorRegistryImpl/FabricFluidAPISupportPlugin/"
[01:15:40] [main/TRACE] [REI] [REIPlugin START] Reloading Section: "reloadable-plugin/ItemComparatorRegistryImpl/FabricFluidAPISupportPlugin/" done in 72.40 μs
[01:15:40] [main/TRACE] [REI] [REIPlugin START] Reloading Section: "reloadable-plugin/ItemComparatorRegistryImpl/DefaultRuntimePlugin of DefaultRuntimePlugin [roughlyenoughitems]/"
[01:15:40] [main/TRACE] [REI] [REIPlugin START] Reloading Section: "reloadable-plugin/ItemComparatorRegistryImpl/DefaultRuntimePlugin of DefaultRuntimePlugin [roughlyenoughitems]/" done in 77.36 μs
[01:15:40] [main/TRACE] [REI] [REIPlugin START] Reloading Section: "reloadable-plugin/ItemComparatorRegistryImpl/AetherREIServerPlugin of AetherREIServerPlugin [aether]/"
[01:15:40] [main/TRACE] [REI] [REIPlugin START] Reloading Section: "reloadable-plugin/ItemComparatorRegistryImpl/AetherREIServerPlugin of AetherREIServerPlugin [aether]/" done in 75.81 μs
[01:15:40] [main/TRACE] [REI] [REIPlugin START] Reloading Section: "reloadable-plugin/ItemComparatorRegistryImpl/" done in 1.569 ms
[01:15:40] [main/TRACE] [REI] [REIPlugin START] Reloading Section: "reloadable-plugin/FluidComparatorRegistryImpl/"
[01:15:40] [main/TRACE] [REI] [REIPlugin START] Reloading Section: "reloadable-plugin/FluidComparatorRegistryImpl/DefaultPlugin of DefaultPlugin [roughlyenoughitems]/"
[01:15:40] [main/TRACE] [REI] [REIPlugin START] Reloading Section: "reloadable-plugin/FluidComparatorRegistryImpl/DefaultPlugin of DefaultPlugin [roughlyenoughitems]/" done in 60.03 μs
[01:15:40] [main/TRACE] [REI] [REIPlugin START] Reloading Section: "reloadable-plugin/FluidComparatorRegistryImpl/FabricFluidAPISupportPlugin/"
[01:15:40] [main/TRACE] [REI] [REIPlugin START] Reloading Section: "reloadable-plugin/FluidComparatorRegistryImpl/FabricFluidAPISupportPlugin/" done in 50.43 μs
[01:15:40] [main/TRACE] [REI] [REIPlugin START] Reloading Section: "reloadable-plugin/FluidComparatorRegistryImpl/DefaultRuntimePlugin of DefaultRuntimePlugin [roughlyenoughitems]/"
[01:15:40] [main/TRACE] [REI] [REIPlugin START] Reloading Section: "reloadable-plugin/FluidComparatorRegistryImpl/DefaultRuntimePlugin of DefaultRuntimePlugin [roughlyenoughitems]/" done in 74.16 μs
[01:15:40] [main/TRACE] [REI] [REIPlugin START] Reloading Section: "reloadable-plugin/FluidComparatorRegistryImpl/AetherREIServerPlugin of AetherREIServerPlugin [aether]/"
[01:15:40] [main/TRACE] [REI] [REIPlugin START] Reloading Section: "reloadable-plugin/FluidComparatorRegistryImpl/AetherREIServerPlugin of AetherREIServerPlugin [aether]/" done in 50.55 μs
[01:15:40] [main/TRACE] [REI] [REIPlugin START] Reloading Section: "reloadable-plugin/FluidComparatorRegistryImpl/" done in 672.7 μs
[01:15:40] [main/TRACE] [REI] [REIPlugin START] Reloading Section: "reloadable-plugin/DisplaySerializerRegistryImpl/"
[01:15:40] [main/TRACE] [REI] [REIPlugin START] Reloading Section: "reloadable-plugin/DisplaySerializerRegistryImpl/DefaultPlugin of DefaultPlugin [roughlyenoughitems]/"
[01:15:40] [main/TRACE] [REI] [REIPlugin START] Reloading Section: "reloadable-plugin/DisplaySerializerRegistryImpl/DefaultPlugin of DefaultPlugin [roughlyenoughitems]/" done in 61.15 μs
[01:15:40] [main/TRACE] [REI] [REIPlugin START] Reloading Section: "reloadable-plugin/DisplaySerializerRegistryImpl/FabricFluidAPISupportPlugin/"
[01:15:40] [main/TRACE] [REI] [REIPlugin START] Reloading Section: "reloadable-plugin/DisplaySerializerRegistryImpl/FabricFluidAPISupportPlugin/" done in 49.33 μs
[01:15:40] [main/TRACE] [REI] [REIPlugin START] Reloading Section: "reloadable-plugin/DisplaySerializerRegistryImpl/DefaultRuntimePlugin of DefaultRuntimePlugin [roughlyenoughitems]/"
[01:15:40] [main/TRACE] [REI] [REIPlugin START] Reloading Section: "reloadable-plugin/DisplaySerializerRegistryImpl/DefaultRuntimePlugin of DefaultRuntimePlugin [roughlyenoughitems]/" done in 50.27 μs
[01:15:40] [main/TRACE] [REI] [REIPlugin START] Reloading Section: "reloadable-plugin/DisplaySerializerRegistryImpl/AetherREIServerPlugin of AetherREIServerPlugin [aether]/"
[01:15:40] [main/TRACE] [REI] [REIPlugin START] Reloading Section: "reloadable-plugin/DisplaySerializerRegistryImpl/AetherREIServerPlugin of AetherREIServerPlugin [aether]/" done in 60.18 μs
[01:15:40] [main/TRACE] [REI] [REIPlugin START] Reloading Section: "reloadable-plugin/DisplaySerializerRegistryImpl/" done in 677.6 μs
[01:15:40] [main/TRACE] [REI] [REIPlugin START] Reloading Section: "reloadable-plugin/FluidSupportProviderImpl/"
[01:15:40] [main/TRACE] [REI] [REIPlugin START] Reloading Section: "reloadable-plugin/FluidSupportProviderImpl/DefaultPlugin of DefaultPlugin [roughlyenoughitems]/"
[01:15:40] [main/TRACE] [REI] [REIPlugin START] Reloading Section: "reloadable-plugin/FluidSupportProviderImpl/DefaultPlugin of DefaultPlugin [roughlyenoughitems]/" done in 413.0 μs
[01:15:40] [main/TRACE] [REI] [REIPlugin START] Reloading Section: "reloadable-plugin/FluidSupportProviderImpl/FabricFluidAPISupportPlugin/"
[01:15:40] [main/TRACE] [REI] [REIPlugin START] Reloading Section: "reloadable-plugin/FluidSupportProviderImpl/FabricFluidAPISupportPlugin/" done in 170.6 μs
[01:15:40] [main/TRACE] [REI] [REIPlugin START] Reloading Section: "reloadable-plugin/FluidSupportProviderImpl/DefaultRuntimePlugin of DefaultRuntimePlugin [roughlyenoughitems]/"
[01:15:40] [main/TRACE] [REI] [REIPlugin START] Reloading Section: "reloadable-plugin/FluidSupportProviderImpl/DefaultRuntimePlugin of DefaultRuntimePlugin [roughlyenoughitems]/" done in 53.48 μs
[01:15:40] [main/TRACE] [REI] [REIPlugin START] Reloading Section: "reloadable-plugin/FluidSupportProviderImpl/AetherREIServerPlugin of AetherREIServerPlugin [aether]/"
[01:15:40] [main/TRACE] [REI] [REIPlugin START] Reloading Section: "reloadable-plugin/FluidSupportProviderImpl/AetherREIServerPlugin of AetherREIServerPlugin [aether]/" done in 49.13 μs
[01:15:40] [main/TRACE] [REI] [REIPlugin START] Reloading Section: "reloadable-plugin/FluidSupportProviderImpl/" done in 1.183 ms
[01:15:40] [main/DEBUG] [REI] ========================================
[01:15:40] [main/DEBUG] [REI] REIPlugin ending main-reload for START.
[01:15:40] [main/DEBUG] [REI] ========================================
[01:15:40] [main/TRACE] [REI] [REIPlugin START] Reloading Section: "end-reload/"
[01:15:40] [main/TRACE] [REI] [REIPlugin START] Reloading Section: "end-reload/EntryTypeRegistryImpl/"
[01:15:40] [main/TRACE] [REI] [REIPlugin START] Reloading Section: "end-reload/EntryTypeRegistryImpl/" done in 99.27 μs
[01:15:40] [main/TRACE] [REI] [REIPlugin START] Reloading Section: "end-reload/EntrySettingsAdapterRegistryImpl/"
[01:15:40] [main/TRACE] [REI] [REIPlugin START] Reloading Section: "end-reload/EntrySettingsAdapterRegistryImpl/" done in 65.22 μs
[01:15:40] [main/TRACE] [REI] [REIPlugin START] Reloading Section: "end-reload/RecipeManagerContextImpl/"
[01:15:40] [main/TRACE] [REI] [REIPlugin START] Reloading Section: "end-reload/RecipeManagerContextImpl/" done in 55.38 μs
[01:15:40] [main/TRACE] [REI] [REIPlugin START] Reloading Section: "end-reload/ItemComparatorRegistryImpl/"
[01:15:40] [main/TRACE] [REI] [REIPlugin START] Reloading Section: "end-reload/ItemComparatorRegistryImpl/" done in 63.17 μs
[01:15:40] [main/TRACE] [REI] [REIPlugin START] Reloading Section: "end-reload/FluidComparatorRegistryImpl/"
[01:15:40] [main/TRACE] [REI] [REIPlugin START] Reloading Section: "end-reload/FluidComparatorRegistryImpl/" done in 60.76 μs
[01:15:40] [main/TRACE] [REI] [REIPlugin START] Reloading Section: "end-reload/DisplaySerializerRegistryImpl/"
[01:15:40] [main/TRACE] [REI] [REIPlugin START] Reloading Section: "end-reload/DisplaySerializerRegistryImpl/" done in 56.81 μs
[01:15:40] [main/TRACE] [REI] [REIPlugin START] Reloading Section: "end-reload/FluidSupportProviderImpl/"
[01:15:40] [main/TRACE] [REI] [REIPlugin START] Reloading Section: "end-reload/FluidSupportProviderImpl/" done in 56.32 μs
[01:15:40] [main/TRACE] [REI] [REIPlugin START] Reloading Section: "end-reload/" done in 1.238 ms
[01:15:40] [main/DEBUG] [REI] ========================================
[01:15:40] [main/DEBUG] [REI] REIPlugin ended main-reload for START in 20.93 ms.
[01:15:40] [main/DEBUG] [REI] ========================================
[01:15:40] [main/INFO] [REI] ++++++++++++++++++++++++++++++++++++++++
[01:15:40] [main/INFO] [REI] REIServerPlugin starting main-reload for START.
[01:15:40] [main/DEBUG] [REI] Reloadables (2):
[01:15:40] [main/DEBUG] [REI]  - MenuInfoRegistryImpl
[01:15:40] [main/DEBUG] [REI]  - SlotAccessorRegistryImpl
[01:15:40] [main/INFO] [REI] Plugins (4):
[01:15:40] [main/INFO] [REI]  - (-100.00) DefaultPlugin of DefaultPlugin [roughlyenoughitems]
[01:15:40] [main/INFO] [REI]  - (0.00) FabricFluidAPISupportPlugin
[01:15:40] [main/INFO] [REI]  - (0.00) DefaultRuntimePlugin of DefaultRuntimePlugin [roughlyenoughitems]
[01:15:40] [main/INFO] [REI]  - (0.00) AetherREIServerPlugin of AetherREIServerPlugin [aether]
[01:15:40] [main/INFO] [REI] ++++++++++++++++++++++++++++++++++++++++
[01:15:40] [main/TRACE] [REI] [REIServerPlugin START] Reloading Section: "start-reload/"
[01:15:40] [main/TRACE] [REI] [REIServerPlugin START] Reloading Section: "start-reload/MenuInfoRegistryImpl/"
[01:15:40] [main/TRACE] [REI] [REIServerPlugin START] Reloading Section: "start-reload/MenuInfoRegistryImpl/" done in 51.43 μs
[01:15:40] [main/TRACE] [REI] [REIServerPlugin START] Reloading Section: "start-reload/SlotAccessorRegistryImpl/"
[01:15:40] [main/TRACE] [REI] [REIServerPlugin START] Reloading Section: "start-reload/SlotAccessorRegistryImpl/" done in 41.99 μs
[01:15:40] [main/TRACE] [REI] [REIServerPlugin START] Reloading Section: "start-reload/" done in 316.0 μs
[01:15:40] [main/DEBUG] [REI] ========================================
[01:15:40] [main/DEBUG] [REI] REIServerPlugin started main-reload for START.
[01:15:40] [main/DEBUG] [REI] ========================================
[01:15:40] [main/TRACE] [REI] [REIServerPlugin START] Reloading Section: "reloadable-plugin/MenuInfoRegistryImpl/"
[01:15:40] [main/TRACE] [REI] [REIServerPlugin START] Reloading Section: "reloadable-plugin/MenuInfoRegistryImpl/DefaultPlugin of DefaultPlugin [roughlyenoughitems]/"
[01:15:40] [main/TRACE] [REI] [REIServerPlugin START] Reloading Section: "reloadable-plugin/MenuInfoRegistryImpl/DefaultPlugin of DefaultPlugin [roughlyenoughitems]/" done in 73.17 μs
[01:15:40] [main/TRACE] [REI] [REIServerPlugin START] Reloading Section: "reloadable-plugin/MenuInfoRegistryImpl/FabricFluidAPISupportPlugin/"
[01:15:40] [main/TRACE] [REI] [REIServerPlugin START] Reloading Section: "reloadable-plugin/MenuInfoRegistryImpl/FabricFluidAPISupportPlugin/" done in 52.34 μs
[01:15:40] [main/TRACE] [REI] [REIServerPlugin START] Reloading Section: "reloadable-plugin/MenuInfoRegistryImpl/DefaultRuntimePlugin of DefaultRuntimePlugin [roughlyenoughitems]/"
[01:15:40] [main/TRACE] [REI] [REIServerPlugin START] Reloading Section: "reloadable-plugin/MenuInfoRegistryImpl/DefaultRuntimePlugin of DefaultRuntimePlugin [roughlyenoughitems]/" done in 50.54 μs
[01:15:40] [main/TRACE] [REI] [REIServerPlugin START] Reloading Section: "reloadable-plugin/MenuInfoRegistryImpl/AetherREIServerPlugin of AetherREIServerPlugin [aether]/"
[01:15:40] [main/TRACE] [REI] [REIServerPlugin START] Reloading Section: "reloadable-plugin/MenuInfoRegistryImpl/AetherREIServerPlugin of AetherREIServerPlugin [aether]/" done in 55.21 μs
[01:15:40] [main/TRACE] [REI] [REIServerPlugin START] Reloading Section: "reloadable-plugin/MenuInfoRegistryImpl/" done in 620.6 μs
[01:15:40] [main/TRACE] [REI] [REIServerPlugin START] Reloading Section: "reloadable-plugin/SlotAccessorRegistryImpl/"
[01:15:40] [main/TRACE] [REI] [REIServerPlugin START] Reloading Section: "reloadable-plugin/SlotAccessorRegistryImpl/DefaultPlugin of DefaultPlugin [roughlyenoughitems]/"
[01:15:40] [main/TRACE] [REI] [REIServerPlugin START] Reloading Section: "reloadable-plugin/SlotAccessorRegistryImpl/DefaultPlugin of DefaultPlugin [roughlyenoughitems]/" done in 46.19 μs
[01:15:40] [main/TRACE] [REI] [REIServerPlugin START] Reloading Section: "reloadable-plugin/SlotAccessorRegistryImpl/FabricFluidAPISupportPlugin/"
[01:15:40] [main/TRACE] [REI] [REIServerPlugin START] Reloading Section: "reloadable-plugin/SlotAccessorRegistryImpl/FabricFluidAPISupportPlugin/" done in 51.02 μs
[01:15:40] [main/TRACE] [REI] [REIServerPlugin START] Reloading Section: "reloadable-plugin/SlotAccessorRegistryImpl/DefaultRuntimePlugin of DefaultRuntimePlugin [roughlyenoughitems]/"
[01:15:40] [main/TRACE] [REI] [REIServerPlugin START] Reloading Section: "reloadable-plugin/SlotAccessorRegistryImpl/DefaultRuntimePlugin of DefaultRuntimePlugin [roughlyenoughitems]/" done in 46.25 μs
[01:15:40] [main/TRACE] [REI] [REIServerPlugin START] Reloading Section: "reloadable-plugin/SlotAccessorRegistryImpl/AetherREIServerPlugin of AetherREIServerPlugin [aether]/"
[01:15:40] [main/TRACE] [REI] [REIServerPlugin START] Reloading Section: "reloadable-plugin/SlotAccessorRegistryImpl/AetherREIServerPlugin of AetherREIServerPlugin [aether]/" done in 50.83 μs
[01:15:40] [main/TRACE] [REI] [REIServerPlugin START] Reloading Section: "reloadable-plugin/SlotAccessorRegistryImpl/" done in 589.2 μs
[01:15:40] [main/DEBUG] [REI] ========================================
[01:15:40] [main/DEBUG] [REI] REIServerPlugin ending main-reload for START.
[01:15:40] [main/DEBUG] [REI] ========================================
[01:15:40] [main/TRACE] [REI] [REIServerPlugin START] Reloading Section: "end-reload/"
[01:15:40] [main/TRACE] [REI] [REIServerPlugin START] Reloading Section: "end-reload/MenuInfoRegistryImpl/"
[01:15:40] [main/TRACE] [REI] [REIServerPlugin START] Reloading Section: "end-reload/MenuInfoRegistryImpl/" done in 42.06 μs
[01:15:40] [main/TRACE] [REI] [REIServerPlugin START] Reloading Section: "end-reload/SlotAccessorRegistryImpl/"
[01:15:40] [main/TRACE] [REI] [REIServerPlugin START] Reloading Section: "end-reload/SlotAccessorRegistryImpl/" done in 64.42 μs
[01:15:40] [main/TRACE] [REI] [REIServerPlugin START] Reloading Section: "end-reload/" done in 280.4 μs
[01:15:40] [main/DEBUG] [REI] ========================================
[01:15:40] [main/DEBUG] [REI] REIServerPlugin ended main-reload for START in 3.886 ms.
[01:15:40] [main/DEBUG] [REI] ========================================
[01:15:40] [main/DEBUG] [REI] ========================================
[01:15:40] [main/DEBUG] [REI] REIPlugin starting post-reload for START.
[01:15:40] [main/DEBUG] [REI] Reloadables (7):
[01:15:40] [main/DEBUG] [REI]  - EntryTypeRegistryImpl
[01:15:40] [main/DEBUG] [REI]  - EntrySettingsAdapterRegistryImpl
[01:15:40] [main/DEBUG] [REI]  - RecipeManagerContextImpl
[01:15:40] [main/DEBUG] [REI]  - ItemComparatorRegistryImpl
[01:15:40] [main/DEBUG] [REI]  - FluidComparatorRegistryImpl
[01:15:40] [main/DEBUG] [REI]  - DisplaySerializerRegistryImpl
[01:15:40] [main/DEBUG] [REI]  - FluidSupportProviderImpl
[01:15:40] [main/DEBUG] [REI] Plugins (4):
[01:15:40] [main/DEBUG] [REI]  - (-100.00) DefaultPlugin of DefaultPlugin [roughlyenoughitems]
[01:15:40] [main/DEBUG] [REI]  - (0.00) FabricFluidAPISupportPlugin
[01:15:40] [main/DEBUG] [REI]  - (0.00) DefaultRuntimePlugin of DefaultRuntimePlugin [roughlyenoughitems]
[01:15:40] [main/DEBUG] [REI]  - (0.00) AetherREIServerPlugin of AetherREIServerPlugin [aether]
[01:15:40] [main/DEBUG] [REI] ========================================
[01:15:40] [main/TRACE] [REI] [REIPlugin START] Reloading Section: "post-register/"
[01:15:40] [main/TRACE] [REI] [REIPlugin START] Reloading Section: "post-register/DefaultPlugin of DefaultPlugin [roughlyenoughitems]/"
[01:15:40] [main/TRACE] [REI] [REIPlugin START] Reloading Section: "post-register/DefaultPlugin of DefaultPlugin [roughlyenoughitems]/" done in 204.6 μs
[01:15:40] [main/TRACE] [REI] [REIPlugin START] Reloading Section: "post-register/FabricFluidAPISupportPlugin/"
[01:15:40] [main/TRACE] [REI] [REIPlugin START] Reloading Section: "post-register/FabricFluidAPISupportPlugin/" done in 48.03 μs
[01:15:40] [main/TRACE] [REI] [REIPlugin START] Reloading Section: "post-register/DefaultRuntimePlugin of DefaultRuntimePlugin [roughlyenoughitems]/"
[01:15:40] [main/TRACE] [REI] [REIPlugin START] Reloading Section: "post-register/DefaultRuntimePlugin of DefaultRuntimePlugin [roughlyenoughitems]/" done in 48.29 μs
[01:15:40] [main/TRACE] [REI] [REIPlugin START] Reloading Section: "post-register/AetherREIServerPlugin of AetherREIServerPlugin [aether]/"
[01:15:40] [main/TRACE] [REI] [REIPlugin START] Reloading Section: "post-register/AetherREIServerPlugin of AetherREIServerPlugin [aether]/" done in 40.32 μs
[01:15:40] [main/TRACE] [REI] [REIPlugin START] Reloading Section: "post-register/" done in 929.3 μs
[01:15:40] [main/TRACE] [REI] [REIPlugin START] Reloading Section: "post-stage/"
[01:15:40] [main/TRACE] [REI] [REIPlugin START] Reloading Section: "post-stage/EntryTypeRegistryImpl/"
[01:15:40] [main/TRACE] [REI] [REIPlugin START] Reloading Section: "post-stage/EntryTypeRegistryImpl/" done in 53.22 μs
[01:15:40] [main/TRACE] [REI] [REIPlugin START] Reloading Section: "post-stage/EntrySettingsAdapterRegistryImpl/"
[01:15:40] [main/TRACE] [REI] [REIPlugin START] Reloading Section: "post-stage/EntrySettingsAdapterRegistryImpl/" done in 43.78 μs
[01:15:40] [main/TRACE] [REI] [REIPlugin START] Reloading Section: "post-stage/RecipeManagerContextImpl/"
[01:15:40] [main/TRACE] [REI] [REIPlugin START] Reloading Section: "post-stage/RecipeManagerContextImpl/" done in 37.36 μs
[01:15:40] [main/TRACE] [REI] [REIPlugin START] Reloading Section: "post-stage/ItemComparatorRegistryImpl/"
[01:15:40] [main/TRACE] [REI] [REIPlugin START] Reloading Section: "post-stage/ItemComparatorRegistryImpl/" done in 45.05 μs
[01:15:40] [main/TRACE] [REI] [REIPlugin START] Reloading Section: "post-stage/FluidComparatorRegistryImpl/"
[01:15:40] [main/TRACE] [REI] [REIPlugin START] Reloading Section: "post-stage/FluidComparatorRegistryImpl/" done in 39.17 μs
[01:15:40] [main/TRACE] [REI] [REIPlugin START] Reloading Section: "post-stage/DisplaySerializerRegistryImpl/"
[01:15:40] [main/TRACE] [REI] [REIPlugin START] Reloading Section: "post-stage/DisplaySerializerRegistryImpl/" done in 45.59 μs
[01:15:40] [main/TRACE] [REI] [REIPlugin START] Reloading Section: "post-stage/FluidSupportProviderImpl/"
[01:15:40] [main/TRACE] [REI] [REIPlugin START] Reloading Section: "post-stage/FluidSupportProviderImpl/" done in 44.02 μs
[01:15:40] [main/TRACE] [REI] [REIPlugin START] Reloading Section: "post-stage/" done in 908.4 μs
[01:15:40] [main/DEBUG] [REI] ========================================
[01:15:40] [main/INFO] [REI] REIPlugin finished post-reload for START in 1.976 ms, totaling 38.55 ms.
[01:15:40] [main/DEBUG] [REI] ========================================
[01:15:40] [main/DEBUG] [REI] ========================================
[01:15:40] [main/DEBUG] [REI] REIServerPlugin starting post-reload for START.
[01:15:40] [main/DEBUG] [REI] Reloadables (2):
[01:15:40] [main/DEBUG] [REI]  - MenuInfoRegistryImpl
[01:15:40] [main/DEBUG] [REI]  - SlotAccessorRegistryImpl
[01:15:40] [main/DEBUG] [REI] Plugins (4):
[01:15:40] [main/DEBUG] [REI]  - (-100.00) DefaultPlugin of DefaultPlugin [roughlyenoughitems]
[01:15:40] [main/DEBUG] [REI]  - (0.00) FabricFluidAPISupportPlugin
[01:15:40] [main/DEBUG] [REI]  - (0.00) DefaultRuntimePlugin of DefaultRuntimePlugin [roughlyenoughitems]
[01:15:40] [main/DEBUG] [REI]  - (0.00) AetherREIServerPlugin of AetherREIServerPlugin [aether]
[01:15:40] [main/DEBUG] [REI] ========================================
[01:15:40] [main/TRACE] [REI] [REIServerPlugin START] Reloading Section: "post-register/"
[01:15:40] [main/TRACE] [REI] [REIServerPlugin START] Reloading Section: "post-register/DefaultPlugin of DefaultPlugin [roughlyenoughitems]/"
[01:15:40] [main/TRACE] [REI] [REIServerPlugin START] Reloading Section: "post-register/DefaultPlugin of DefaultPlugin [roughlyenoughitems]/" done in 91.44 μs
[01:15:40] [main/TRACE] [REI] [REIServerPlugin START] Reloading Section: "post-register/FabricFluidAPISupportPlugin/"
[01:15:40] [main/TRACE] [REI] [REIServerPlugin START] Reloading Section: "post-register/FabricFluidAPISupportPlugin/" done in 56.07 μs
[01:15:40] [main/TRACE] [REI] [REIServerPlugin START] Reloading Section: "post-register/DefaultRuntimePlugin of DefaultRuntimePlugin [roughlyenoughitems]/"
[01:15:40] [main/TRACE] [REI] [REIServerPlugin START] Reloading Section: "post-register/DefaultRuntimePlugin of DefaultRuntimePlugin [roughlyenoughitems]/" done in 57.15 μs
[01:15:40] [main/TRACE] [REI] [REIServerPlugin START] Reloading Section: "post-register/AetherREIServerPlugin of AetherREIServerPlugin [aether]/"
[01:15:40] [main/TRACE] [REI] [REIServerPlugin START] Reloading Section: "post-register/AetherREIServerPlugin of AetherREIServerPlugin [aether]/" done in 42.21 μs
[01:15:40] [main/TRACE] [REI] [REIServerPlugin START] Reloading Section: "post-register/" done in 712.7 μs
[01:15:40] [main/TRACE] [REI] [REIServerPlugin START] Reloading Section: "post-stage/"
[01:15:40] [main/TRACE] [REI] [REIServerPlugin START] Reloading Section: "post-stage/MenuInfoRegistryImpl/"
[01:15:40] [main/TRACE] [REI] [REIServerPlugin START] Reloading Section: "post-stage/MenuInfoRegistryImpl/" done in 31.66 μs
[01:15:40] [main/TRACE] [REI] [REIServerPlugin START] Reloading Section: "post-stage/SlotAccessorRegistryImpl/"
[01:15:40] [main/TRACE] [REI] [REIServerPlugin START] Reloading Section: "post-stage/SlotAccessorRegistryImpl/" done in 33.71 μs
[01:15:40] [main/TRACE] [REI] [REIServerPlugin START] Reloading Section: "post-stage/" done in 273.9 μs
[01:15:40] [main/DEBUG] [REI] ========================================
[01:15:40] [main/INFO] [REI] REIServerPlugin finished post-reload for START in 1.092 ms, totaling 6.094 ms.
[01:15:40] [main/DEBUG] [REI] ========================================
[01:15:40] [main/DEBUG] [REI] ========================================
[01:15:40] [main/DEBUG] [REI] REIPlugin starting pre-reload for END.
[01:15:40] [main/DEBUG] [REI] Reloadables (7):
[01:15:40] [main/DEBUG] [REI]  - EntryTypeRegistryImpl
[01:15:40] [main/DEBUG] [REI]  - EntrySettingsAdapterRegistryImpl
[01:15:40] [main/DEBUG] [REI]  - RecipeManagerContextImpl
[01:15:40] [main/DEBUG] [REI]  - ItemComparatorRegistryImpl
[01:15:40] [main/DEBUG] [REI]  - FluidComparatorRegistryImpl
[01:15:40] [main/DEBUG] [REI]  - DisplaySerializerRegistryImpl
[01:15:40] [main/DEBUG] [REI]  - FluidSupportProviderImpl
[01:15:40] [main/DEBUG] [REI] Plugins (4):
[01:15:40] [main/DEBUG] [REI]  - (-100.00) DefaultPlugin of DefaultPlugin [roughlyenoughitems]
[01:15:40] [main/DEBUG] [REI]  - (0.00) FabricFluidAPISupportPlugin
[01:15:40] [main/DEBUG] [REI]  - (0.00) DefaultRuntimePlugin of DefaultRuntimePlugin [roughlyenoughitems]
[01:15:40] [main/DEBUG] [REI]  - (0.00) AetherREIServerPlugin of AetherREIServerPlugin [aether]
[01:15:40] [main/DEBUG] [REI] ========================================
[01:15:40] [main/TRACE] [REI] [REIPlugin END] Reloading Section: "pre-register/"
[01:15:40] [main/TRACE] [REI] [REIPlugin END] Reloading Section: "pre-register/DefaultPlugin of DefaultPlugin [roughlyenoughitems]/"
[01:15:40] [main/TRACE] [REI] [REIPlugin END] Reloading Section: "pre-register/DefaultPlugin of DefaultPlugin [roughlyenoughitems]/" done in 52.24 μs
[01:15:40] [main/TRACE] [REI] [REIPlugin END] Reloading Section: "pre-register/FabricFluidAPISupportPlugin/"
[01:15:40] [main/TRACE] [REI] [REIPlugin END] Reloading Section: "pre-register/FabricFluidAPISupportPlugin/" done in 62.30 μs
[01:15:40] [main/TRACE] [REI] [REIPlugin END] Reloading Section: "pre-register/DefaultRuntimePlugin of DefaultRuntimePlugin [roughlyenoughitems]/"
[01:15:40] [main/TRACE] [REI] [REIPlugin END] Reloading Section: "pre-register/DefaultRuntimePlugin of DefaultRuntimePlugin [roughlyenoughitems]/" done in 58.24 μs
[01:15:40] [main/TRACE] [REI] [REIPlugin END] Reloading Section: "pre-register/AetherREIServerPlugin of AetherREIServerPlugin [aether]/"
[01:15:40] [main/TRACE] [REI] [REIPlugin END] Reloading Section: "pre-register/AetherREIServerPlugin of AetherREIServerPlugin [aether]/" done in 52.01 μs
[01:15:40] [main/TRACE] [REI] [REIPlugin END] Reloading Section: "pre-register/" done in 631.5 μs
[01:15:40] [main/TRACE] [REI] [REIPlugin END] Reloading Section: "pre-stage/"
[01:15:40] [main/TRACE] [REI] [REIPlugin END] Reloading Section: "pre-stage/EntryTypeRegistryImpl/"
[01:15:40] [main/TRACE] [REI] [REIPlugin END] Reloading Section: "pre-stage/EntryTypeRegistryImpl/" done in 70.01 μs
[01:15:40] [main/TRACE] [REI] [REIPlugin END] Reloading Section: "pre-stage/EntrySettingsAdapterRegistryImpl/"
[01:15:40] [main/TRACE] [REI] [REIPlugin END] Reloading Section: "pre-stage/EntrySettingsAdapterRegistryImpl/" done in 48.50 μs
[01:15:40] [main/TRACE] [REI] [REIPlugin END] Reloading Section: "pre-stage/RecipeManagerContextImpl/"
[01:15:40] [main/TRACE] [REI] [REIPlugin END] Reloading Section: "pre-stage/RecipeManagerContextImpl/" done in 52.24 μs
[01:15:40] [main/TRACE] [REI] [REIPlugin END] Reloading Section: "pre-stage/ItemComparatorRegistryImpl/"
[01:15:40] [main/TRACE] [REI] [REIPlugin END] Reloading Section: "pre-stage/ItemComparatorRegistryImpl/" done in 48.25 μs
[01:15:40] [main/TRACE] [REI] [REIPlugin END] Reloading Section: "pre-stage/FluidComparatorRegistryImpl/"
[01:15:40] [main/TRACE] [REI] [REIPlugin END] Reloading Section: "pre-stage/FluidComparatorRegistryImpl/" done in 50.63 μs
[01:15:40] [main/TRACE] [REI] [REIPlugin END] Reloading Section: "pre-stage/DisplaySerializerRegistryImpl/"
[01:15:40] [main/TRACE] [REI] [REIPlugin END] Reloading Section: "pre-stage/DisplaySerializerRegistryImpl/" done in 48.77 μs
[01:15:40] [main/TRACE] [REI] [REIPlugin END] Reloading Section: "pre-stage/FluidSupportProviderImpl/"
[01:15:40] [main/TRACE] [REI] [REIPlugin END] Reloading Section: "pre-stage/FluidSupportProviderImpl/" done in 50.11 μs
[01:15:40] [main/TRACE] [REI] [REIPlugin END] Reloading Section: "pre-stage/" done in 1.104 ms
[01:15:40] [main/DEBUG] [REI] ========================================
[01:15:40] [main/DEBUG] [REI] REIPlugin finished pre-reload for END in 1.909 ms.
[01:15:40] [main/DEBUG] [REI] ========================================
[01:15:40] [main/DEBUG] [REI] ========================================
[01:15:40] [main/DEBUG] [REI] REIServerPlugin starting pre-reload for END.
[01:15:40] [main/DEBUG] [REI] Reloadables (2):
[01:15:40] [main/DEBUG] [REI]  - MenuInfoRegistryImpl
[01:15:40] [main/DEBUG] [REI]  - SlotAccessorRegistryImpl
[01:15:40] [main/DEBUG] [REI] Plugins (4):
[01:15:40] [main/DEBUG] [REI]  - (-100.00) DefaultPlugin of DefaultPlugin [roughlyenoughitems]
[01:15:40] [main/DEBUG] [REI]  - (0.00) FabricFluidAPISupportPlugin
[01:15:40] [main/DEBUG] [REI]  - (0.00) DefaultRuntimePlugin of DefaultRuntimePlugin [roughlyenoughitems]
[01:15:40] [main/DEBUG] [REI]  - (0.00) AetherREIServerPlugin of AetherREIServerPlugin [aether]
[01:15:40] [main/DEBUG] [REI] ========================================
[01:15:40] [main/TRACE] [REI] [REIServerPlugin END] Reloading Section: "pre-register/"
[01:15:40] [main/TRACE] [REI] [REIServerPlugin END] Reloading Section: "pre-register/DefaultPlugin of DefaultPlugin [roughlyenoughitems]/"
[01:15:40] [main/TRACE] [REI] [REIServerPlugin END] Reloading Section: "pre-register/DefaultPlugin of DefaultPlugin [roughlyenoughitems]/" done in 51.87 μs
[01:15:40] [main/TRACE] [REI] [REIServerPlugin END] Reloading Section: "pre-register/FabricFluidAPISupportPlugin/"
[01:15:40] [main/TRACE] [REI] [REIServerPlugin END] Reloading Section: "pre-register/FabricFluidAPISupportPlugin/" done in 61.14 μs
[01:15:40] [main/TRACE] [REI] [REIServerPlugin END] Reloading Section: "pre-register/DefaultRuntimePlugin of DefaultRuntimePlugin [roughlyenoughitems]/"
[01:15:40] [main/TRACE] [REI] [REIServerPlugin END] Reloading Section: "pre-register/DefaultRuntimePlugin of DefaultRuntimePlugin [roughlyenoughitems]/" done in 39.71 μs
[01:15:40] [main/TRACE] [REI] [REIServerPlugin END] Reloading Section: "pre-register/AetherREIServerPlugin of AetherREIServerPlugin [aether]/"
[01:15:40] [main/TRACE] [REI] [REIServerPlugin END] Reloading Section: "pre-register/AetherREIServerPlugin of AetherREIServerPlugin [aether]/" done in 46.01 μs
[01:15:40] [main/TRACE] [REI] [REIServerPlugin END] Reloading Section: "pre-register/" done in 617.0 μs
[01:15:40] [main/TRACE] [REI] [REIServerPlugin END] Reloading Section: "pre-stage/"
[01:15:40] [main/TRACE] [REI] [REIServerPlugin END] Reloading Section: "pre-stage/MenuInfoRegistryImpl/"
[01:15:40] [main/TRACE] [REI] [REIServerPlugin END] Reloading Section: "pre-stage/MenuInfoRegistryImpl/" done in 55.40 μs
[01:15:40] [main/TRACE] [REI] [REIServerPlugin END] Reloading Section: "pre-stage/SlotAccessorRegistryImpl/"
[01:15:40] [main/TRACE] [REI] [REIServerPlugin END] Reloading Section: "pre-stage/SlotAccessorRegistryImpl/" done in 50.80 μs
[01:15:40] [main/TRACE] [REI] [REIServerPlugin END] Reloading Section: "pre-stage/" done in 327.1 μs
[01:15:40] [main/DEBUG] [REI] ========================================
[01:15:40] [main/DEBUG] [REI] REIServerPlugin finished pre-reload for END in 1.094 ms.
[01:15:40] [main/DEBUG] [REI] ========================================
[01:15:40] [main/INFO] [REI] ++++++++++++++++++++++++++++++++++++++++
[01:15:40] [main/INFO] [REI] REIPlugin starting main-reload for END.
[01:15:40] [main/DEBUG] [REI] Reloadables (7):
[01:15:40] [main/DEBUG] [REI]  - EntryTypeRegistryImpl
[01:15:40] [main/DEBUG] [REI]  - EntrySettingsAdapterRegistryImpl
[01:15:40] [main/DEBUG] [REI]  - RecipeManagerContextImpl
[01:15:40] [main/DEBUG] [REI]  - ItemComparatorRegistryImpl
[01:15:40] [main/DEBUG] [REI]  - FluidComparatorRegistryImpl
[01:15:40] [main/DEBUG] [REI]  - DisplaySerializerRegistryImpl
[01:15:40] [main/DEBUG] [REI]  - FluidSupportProviderImpl
[01:15:40] [main/INFO] [REI] Plugins (4):
[01:15:40] [main/INFO] [REI]  - (-100.00) DefaultPlugin of DefaultPlugin [roughlyenoughitems]
[01:15:40] [main/INFO] [REI]  - (0.00) FabricFluidAPISupportPlugin
[01:15:40] [main/INFO] [REI]  - (0.00) DefaultRuntimePlugin of DefaultRuntimePlugin [roughlyenoughitems]
[01:15:40] [main/INFO] [REI]  - (0.00) AetherREIServerPlugin of AetherREIServerPlugin [aether]
[01:15:40] [main/INFO] [REI] ++++++++++++++++++++++++++++++++++++++++
[01:15:40] [main/TRACE] [REI] [REIPlugin END] Reloading Section: "start-reload/"
[01:15:40] [main/TRACE] [REI] [REIPlugin END] Reloading Section: "start-reload/EntryTypeRegistryImpl/"
[01:15:40] [main/TRACE] [REI] [REIPlugin END] Reloading Section: "start-reload/EntryTypeRegistryImpl/" done in 79.33 μs
[01:15:40] [main/TRACE] [REI] [REIPlugin END] Reloading Section: "start-reload/EntrySettingsAdapterRegistryImpl/"
[01:15:40] [main/TRACE] [REI] [REIPlugin END] Reloading Section: "start-reload/EntrySettingsAdapterRegistryImpl/" done in 53.13 μs
[01:15:40] [main/TRACE] [REI] [REIPlugin END] Reloading Section: "start-reload/RecipeManagerContextImpl/"
[01:15:40] [main/TRACE] [REI] [REIPlugin END] Reloading Section: "start-reload/RecipeManagerContextImpl/" done in 44.07 μs
[01:15:40] [main/TRACE] [REI] [REIPlugin END] Reloading Section: "start-reload/ItemComparatorRegistryImpl/"
[01:15:40] [main/TRACE] [REI] [REIPlugin END] Reloading Section: "start-reload/ItemComparatorRegistryImpl/" done in 43.07 μs
[01:15:40] [main/TRACE] [REI] [REIPlugin END] Reloading Section: "start-reload/FluidComparatorRegistryImpl/"
[01:15:40] [main/TRACE] [REI] [REIPlugin END] Reloading Section: "start-reload/FluidComparatorRegistryImpl/" done in 47.97 μs
[01:15:40] [main/TRACE] [REI] [REIPlugin END] Reloading Section: "start-reload/DisplaySerializerRegistryImpl/"
[01:15:40] [main/TRACE] [REI] [REIPlugin END] Reloading Section: "start-reload/DisplaySerializerRegistryImpl/" done in 47.38 μs
[01:15:40] [main/TRACE] [REI] [REIPlugin END] Reloading Section: "start-reload/FluidSupportProviderImpl/"
[01:15:40] [main/TRACE] [REI] [REIPlugin END] Reloading Section: "start-reload/FluidSupportProviderImpl/" done in 55.80 μs
[01:15:40] [main/TRACE] [REI] [REIPlugin END] Reloading Section: "start-reload/" done in 1.138 ms
[01:15:40] [main/DEBUG] [REI] ========================================
[01:15:40] [main/DEBUG] [REI] REIPlugin started main-reload for END.
[01:15:40] [main/DEBUG] [REI] ========================================
[01:15:40] [main/TRACE] [REI] [REIPlugin END] Reloading Section: "reloadable-plugin/EntryTypeRegistryImpl/"
[01:15:40] [main/TRACE] [REI] [REIPlugin END] Reloading Section: "reloadable-plugin/EntryTypeRegistryImpl/DefaultPlugin of DefaultPlugin [roughlyenoughitems]/"
[01:15:40] [main/TRACE] [REI] [REIPlugin END] Reloading Section: "reloadable-plugin/EntryTypeRegistryImpl/DefaultPlugin of DefaultPlugin [roughlyenoughitems]/" done in 53.72 μs
[01:15:40] [main/TRACE] [REI] [REIPlugin END] Reloading Section: "reloadable-plugin/EntryTypeRegistryImpl/FabricFluidAPISupportPlugin/"
[01:15:40] [main/TRACE] [REI] [REIPlugin END] Reloading Section: "reloadable-plugin/EntryTypeRegistryImpl/FabricFluidAPISupportPlugin/" done in 49.58 μs
[01:15:40] [main/TRACE] [REI] [REIPlugin END] Reloading Section: "reloadable-plugin/EntryTypeRegistryImpl/DefaultRuntimePlugin of DefaultRuntimePlugin [roughlyenoughitems]/"
[01:15:40] [main/TRACE] [REI] [REIPlugin END] Reloading Section: "reloadable-plugin/EntryTypeRegistryImpl/DefaultRuntimePlugin of DefaultRuntimePlugin [roughlyenoughitems]/" done in 45.03 μs
[01:15:40] [main/TRACE] [REI] [REIPlugin END] Reloading Section: "reloadable-plugin/EntryTypeRegistryImpl/AetherREIServerPlugin of AetherREIServerPlugin [aether]/"
[01:15:40] [main/TRACE] [REI] [REIPlugin END] Reloading Section: "reloadable-plugin/EntryTypeRegistryImpl/AetherREIServerPlugin of AetherREIServerPlugin [aether]/" done in 31.58 μs
[01:15:40] [main/TRACE] [REI] [REIPlugin END] Reloading Section: "reloadable-plugin/EntryTypeRegistryImpl/" done in 519.5 μs
[01:15:40] [main/TRACE] [REI] [REIPlugin END] Reloading Section: "reloadable-plugin/EntrySettingsAdapterRegistryImpl/"
[01:15:40] [main/TRACE] [REI] [REIPlugin END] Reloading Section: "reloadable-plugin/EntrySettingsAdapterRegistryImpl/DefaultPlugin of DefaultPlugin [roughlyenoughitems]/"
[01:15:40] [main/TRACE] [REI] [REIPlugin END] Reloading Section: "reloadable-plugin/EntrySettingsAdapterRegistryImpl/DefaultPlugin of DefaultPlugin [roughlyenoughitems]/" done in 35.02 μs
[01:15:40] [main/TRACE] [REI] [REIPlugin END] Reloading Section: "reloadable-plugin/EntrySettingsAdapterRegistryImpl/FabricFluidAPISupportPlugin/"
[01:15:40] [main/TRACE] [REI] [REIPlugin END] Reloading Section: "reloadable-plugin/EntrySettingsAdapterRegistryImpl/FabricFluidAPISupportPlugin/" done in 29.99 μs
[01:15:40] [main/TRACE] [REI] [REIPlugin END] Reloading Section: "reloadable-plugin/EntrySettingsAdapterRegistryImpl/DefaultRuntimePlugin of DefaultRuntimePlugin [roughlyenoughitems]/"
[01:15:40] [main/TRACE] [REI] [REIPlugin END] Reloading Section: "reloadable-plugin/EntrySettingsAdapterRegistryImpl/DefaultRuntimePlugin of DefaultRuntimePlugin [roughlyenoughitems]/" done in 37.68 μs
[01:15:40] [main/TRACE] [REI] [REIPlugin END] Reloading Section: "reloadable-plugin/EntrySettingsAdapterRegistryImpl/AetherREIServerPlugin of AetherREIServerPlugin [aether]/"
[01:15:40] [main/TRACE] [REI] [REIPlugin END] Reloading Section: "reloadable-plugin/EntrySettingsAdapterRegistryImpl/AetherREIServerPlugin of AetherREIServerPlugin [aether]/" done in 33.19 μs
[01:15:40] [main/TRACE] [REI] [REIPlugin END] Reloading Section: "reloadable-plugin/EntrySettingsAdapterRegistryImpl/" done in 424.5 μs
[01:15:40] [main/TRACE] [REI] [REIPlugin END] Reloading Section: "reloadable-plugin/RecipeManagerContextImpl/"
[01:15:40] [main/TRACE] [REI] [REIPlugin END] Reloading Section: "reloadable-plugin/RecipeManagerContextImpl/DefaultPlugin of DefaultPlugin [roughlyenoughitems]/"
[01:15:40] [main/TRACE] [REI] [REIPlugin END] Reloading Section: "reloadable-plugin/RecipeManagerContextImpl/DefaultPlugin of DefaultPlugin [roughlyenoughitems]/" done in 30.45 μs
[01:15:40] [main/TRACE] [REI] [REIPlugin END] Reloading Section: "reloadable-plugin/RecipeManagerContextImpl/FabricFluidAPISupportPlugin/"
[01:15:40] [main/TRACE] [REI] [REIPlugin END] Reloading Section: "reloadable-plugin/RecipeManagerContextImpl/FabricFluidAPISupportPlugin/" done in 26.90 μs
[01:15:40] [main/TRACE] [REI] [REIPlugin END] Reloading Section: "reloadable-plugin/RecipeManagerContextImpl/DefaultRuntimePlugin of DefaultRuntimePlugin [roughlyenoughitems]/"
[01:15:40] [main/TRACE] [REI] [REIPlugin END] Reloading Section: "reloadable-plugin/RecipeManagerContextImpl/DefaultRuntimePlugin of DefaultRuntimePlugin [roughlyenoughitems]/" done in 28.29 μs
[01:15:40] [main/TRACE] [REI] [REIPlugin END] Reloading Section: "reloadable-plugin/RecipeManagerContextImpl/AetherREIServerPlugin of AetherREIServerPlugin [aether]/"
[01:15:40] [main/TRACE] [REI] [REIPlugin END] Reloading Section: "reloadable-plugin/RecipeManagerContextImpl/AetherREIServerPlugin of AetherREIServerPlugin [aether]/" done in 29.10 μs
[01:15:40] [main/TRACE] [REI] [REIPlugin END] Reloading Section: "reloadable-plugin/RecipeManagerContextImpl/" done in 348.1 μs
[01:15:40] [main/TRACE] [REI] [REIPlugin END] Reloading Section: "reloadable-plugin/ItemComparatorRegistryImpl/"
[01:15:40] [main/TRACE] [REI] [REIPlugin END] Reloading Section: "reloadable-plugin/ItemComparatorRegistryImpl/DefaultPlugin of DefaultPlugin [roughlyenoughitems]/"
[01:15:40] [main/TRACE] [REI] [REIPlugin END] Reloading Section: "reloadable-plugin/ItemComparatorRegistryImpl/DefaultPlugin of DefaultPlugin [roughlyenoughitems]/" done in 28.76 μs
[01:15:40] [main/TRACE] [REI] [REIPlugin END] Reloading Section: "reloadable-plugin/ItemComparatorRegistryImpl/FabricFluidAPISupportPlugin/"
[01:15:40] [main/TRACE] [REI] [REIPlugin END] Reloading Section: "reloadable-plugin/ItemComparatorRegistryImpl/FabricFluidAPISupportPlugin/" done in 30.38 μs
[01:15:40] [main/TRACE] [REI] [REIPlugin END] Reloading Section: "reloadable-plugin/ItemComparatorRegistryImpl/DefaultRuntimePlugin of DefaultRuntimePlugin [roughlyenoughitems]/"
[01:15:40] [main/TRACE] [REI] [REIPlugin END] Reloading Section: "reloadable-plugin/ItemComparatorRegistryImpl/DefaultRuntimePlugin of DefaultRuntimePlugin [roughlyenoughitems]/" done in 28.91 μs
[01:15:40] [main/TRACE] [REI] [REIPlugin END] Reloading Section: "reloadable-plugin/ItemComparatorRegistryImpl/AetherREIServerPlugin of AetherREIServerPlugin [aether]/"
[01:15:40] [main/TRACE] [REI] [REIPlugin END] Reloading Section: "reloadable-plugin/ItemComparatorRegistryImpl/AetherREIServerPlugin of AetherREIServerPlugin [aether]/" done in 27.67 μs
[01:15:40] [main/TRACE] [REI] [REIPlugin END] Reloading Section: "reloadable-plugin/ItemComparatorRegistryImpl/" done in 440.2 μs
[01:15:40] [main/TRACE] [REI] [REIPlugin END] Reloading Section: "reloadable-plugin/FluidComparatorRegistryImpl/"
[01:15:40] [main/TRACE] [REI] [REIPlugin END] Reloading Section: "reloadable-plugin/FluidComparatorRegistryImpl/DefaultPlugin of DefaultPlugin [roughlyenoughitems]/"
[01:15:40] [main/TRACE] [REI] [REIPlugin END] Reloading Section: "reloadable-plugin/FluidComparatorRegistryImpl/DefaultPlugin of DefaultPlugin [roughlyenoughitems]/" done in 52.45 μs
[01:15:40] [main/TRACE] [REI] [REIPlugin END] Reloading Section: "reloadable-plugin/FluidComparatorRegistryImpl/FabricFluidAPISupportPlugin/"
[01:15:40] [main/TRACE] [REI] [REIPlugin END] Reloading Section: "reloadable-plugin/FluidComparatorRegistryImpl/FabricFluidAPISupportPlugin/" done in 47.78 μs
[01:15:40] [main/TRACE] [REI] [REIPlugin END] Reloading Section: "reloadable-plugin/FluidComparatorRegistryImpl/DefaultRuntimePlugin of DefaultRuntimePlugin [roughlyenoughitems]/"
[01:15:40] [main/TRACE] [REI] [REIPlugin END] Reloading Section: "reloadable-plugin/FluidComparatorRegistryImpl/DefaultRuntimePlugin of DefaultRuntimePlugin [roughlyenoughitems]/" done in 65.77 μs
[01:15:40] [main/TRACE] [REI] [REIPlugin END] Reloading Section: "reloadable-plugin/FluidComparatorRegistryImpl/AetherREIServerPlugin of AetherREIServerPlugin [aether]/"
[01:15:40] [main/TRACE] [REI] [REIPlugin END] Reloading Section: "reloadable-plugin/FluidComparatorRegistryImpl/AetherREIServerPlugin of AetherREIServerPlugin [aether]/" done in 47.54 μs
[01:15:40] [main/TRACE] [REI] [REIPlugin END] Reloading Section: "reloadable-plugin/FluidComparatorRegistryImpl/" done in 632.2 μs
[01:15:40] [main/TRACE] [REI] [REIPlugin END] Reloading Section: "reloadable-plugin/DisplaySerializerRegistryImpl/"
[01:15:40] [main/TRACE] [REI] [REIPlugin END] Reloading Section: "reloadable-plugin/DisplaySerializerRegistryImpl/DefaultPlugin of DefaultPlugin [roughlyenoughitems]/"
[01:15:40] [main/TRACE] [REI] [REIPlugin END] Reloading Section: "reloadable-plugin/DisplaySerializerRegistryImpl/DefaultPlugin of DefaultPlugin [roughlyenoughitems]/" done in 26.10 ms
[01:15:40] [main/TRACE] [REI] [REIPlugin END] Reloading Section: "reloadable-plugin/DisplaySerializerRegistryImpl/FabricFluidAPISupportPlugin/"
[01:15:40] [main/TRACE] [REI] [REIPlugin END] Reloading Section: "reloadable-plugin/DisplaySerializerRegistryImpl/FabricFluidAPISupportPlugin/" done in 58.27 μs
[01:15:40] [main/TRACE] [REI] [REIPlugin END] Reloading Section: "reloadable-plugin/DisplaySerializerRegistryImpl/DefaultRuntimePlugin of DefaultRuntimePlugin [roughlyenoughitems]/"
[01:15:40] [main/TRACE] [REI] [REIPlugin END] Reloading Section: "reloadable-plugin/DisplaySerializerRegistryImpl/DefaultRuntimePlugin of DefaultRuntimePlugin [roughlyenoughitems]/" done in 30.69 μs
[01:15:40] [main/TRACE] [REI] [REIPlugin END] Reloading Section: "reloadable-plugin/DisplaySerializerRegistryImpl/AetherREIServerPlugin of AetherREIServerPlugin [aether]/"
[01:15:40] [main/TRACE] [REI] [REIPlugin END] Reloading Section: "reloadable-plugin/DisplaySerializerRegistryImpl/AetherREIServerPlugin of AetherREIServerPlugin [aether]/" done in 876.5 μs
[01:15:40] [main/TRACE] [REI] [REIPlugin END] Reloading Section: "reloadable-plugin/DisplaySerializerRegistryImpl/" done in 27.61 ms
[01:15:40] [main/TRACE] [REI] [REIPlugin END] Reloading Section: "reloadable-plugin/FluidSupportProviderImpl/"
[01:15:40] [main/TRACE] [REI] [REIPlugin END] Reloading Section: "reloadable-plugin/FluidSupportProviderImpl/DefaultPlugin of DefaultPlugin [roughlyenoughitems]/"
[01:15:40] [main/TRACE] [REI] [REIPlugin END] Reloading Section: "reloadable-plugin/FluidSupportProviderImpl/DefaultPlugin of DefaultPlugin [roughlyenoughitems]/" done in 53.09 μs
[01:15:40] [main/TRACE] [REI] [REIPlugin END] Reloading Section: "reloadable-plugin/FluidSupportProviderImpl/FabricFluidAPISupportPlugin/"
[01:15:40] [main/TRACE] [REI] [REIPlugin END] Reloading Section: "reloadable-plugin/FluidSupportProviderImpl/FabricFluidAPISupportPlugin/" done in 45.94 μs
[01:15:40] [main/TRACE] [REI] [REIPlugin END] Reloading Section: "reloadable-plugin/FluidSupportProviderImpl/DefaultRuntimePlugin of DefaultRuntimePlugin [roughlyenoughitems]/"
[01:15:40] [main/TRACE] [REI] [REIPlugin END] Reloading Section: "reloadable-plugin/FluidSupportProviderImpl/DefaultRuntimePlugin of DefaultRuntimePlugin [roughlyenoughitems]/" done in 53.14 μs
[01:15:40] [main/TRACE] [REI] [REIPlugin END] Reloading Section: "reloadable-plugin/FluidSupportProviderImpl/AetherREIServerPlugin of AetherREIServerPlugin [aether]/"
[01:15:40] [main/TRACE] [REI] [REIPlugin END] Reloading Section: "reloadable-plugin/FluidSupportProviderImpl/AetherREIServerPlugin of AetherREIServerPlugin [aether]/" done in 61.01 μs
[01:15:40] [main/TRACE] [REI] [REIPlugin END] Reloading Section: "reloadable-plugin/FluidSupportProviderImpl/" done in 597.5 μs
[01:15:40] [main/DEBUG] [REI] ========================================
[01:15:40] [main/DEBUG] [REI] REIPlugin ending main-reload for END.
[01:15:40] [main/DEBUG] [REI] ========================================
[01:15:40] [main/TRACE] [REI] [REIPlugin END] Reloading Section: "end-reload/"
[01:15:40] [main/TRACE] [REI] [REIPlugin END] Reloading Section: "end-reload/EntryTypeRegistryImpl/"
[01:15:40] [main/TRACE] [REI] [REIPlugin END] Reloading Section: "end-reload/EntryTypeRegistryImpl/" done in 36.15 μs
[01:15:40] [main/TRACE] [REI] [REIPlugin END] Reloading Section: "end-reload/EntrySettingsAdapterRegistryImpl/"
[01:15:40] [main/TRACE] [REI] [REIPlugin END] Reloading Section: "end-reload/EntrySettingsAdapterRegistryImpl/" done in 33.14 μs
[01:15:40] [main/TRACE] [REI] [REIPlugin END] Reloading Section: "end-reload/RecipeManagerContextImpl/"
[01:15:40] [main/TRACE] [REI] [REIPlugin END] Reloading Section: "end-reload/RecipeManagerContextImpl/" done in 33.91 μs
[01:15:40] [main/TRACE] [REI] [REIPlugin END] Reloading Section: "end-reload/ItemComparatorRegistryImpl/"
[01:15:40] [main/TRACE] [REI] [REIPlugin END] Reloading Section: "end-reload/ItemComparatorRegistryImpl/" done in 39.61 μs
[01:15:40] [main/TRACE] [REI] [REIPlugin END] Reloading Section: "end-reload/FluidComparatorRegistryImpl/"
[01:15:40] [main/TRACE] [REI] [REIPlugin END] Reloading Section: "end-reload/FluidComparatorRegistryImpl/" done in 36.28 μs
[01:15:40] [main/TRACE] [REI] [REIPlugin END] Reloading Section: "end-reload/DisplaySerializerRegistryImpl/"
[01:15:40] [main/TRACE] [REI] [REIPlugin END] Reloading Section: "end-reload/DisplaySerializerRegistryImpl/" done in 35.31 μs
[01:15:40] [main/TRACE] [REI] [REIPlugin END] Reloading Section: "end-reload/FluidSupportProviderImpl/"
[01:15:40] [main/TRACE] [REI] [REIPlugin END] Reloading Section: "end-reload/FluidSupportProviderImpl/" done in 40.05 μs
[01:15:40] [main/TRACE] [REI] [REIPlugin END] Reloading Section: "end-reload/" done in 797.5 μs
[01:15:40] [main/DEBUG] [REI] ========================================
[01:15:40] [main/DEBUG] [REI] REIPlugin ended main-reload for END in 35.10 ms.
[01:15:40] [main/DEBUG] [REI] ========================================
[01:15:40] [main/INFO] [REI] ~~~~~~~~~~~~~~~~~~~~~~~~~~~~~~~~~~~~~~~~
[01:15:40] [main/INFO] [REI] REIServerPlugin starting main-reload for END.
[01:15:40] [main/DEBUG] [REI] Reloadables (2):
[01:15:40] [main/DEBUG] [REI]  - MenuInfoRegistryImpl
[01:15:40] [main/DEBUG] [REI]  - SlotAccessorRegistryImpl
[01:15:40] [main/INFO] [REI] Plugins (4):
[01:15:40] [main/INFO] [REI]  - (-100.00) DefaultPlugin of DefaultPlugin [roughlyenoughitems]
[01:15:40] [main/INFO] [REI]  - (0.00) FabricFluidAPISupportPlugin
[01:15:40] [main/INFO] [REI]  - (0.00) DefaultRuntimePlugin of DefaultRuntimePlugin [roughlyenoughitems]
[01:15:40] [main/INFO] [REI]  - (0.00) AetherREIServerPlugin of AetherREIServerPlugin [aether]
[01:15:40] [main/INFO] [REI] ~~~~~~~~~~~~~~~~~~~~~~~~~~~~~~~~~~~~~~~~
[01:15:40] [main/TRACE] [REI] [REIServerPlugin END] Reloading Section: "start-reload/"
[01:15:40] [main/TRACE] [REI] [REIServerPlugin END] Reloading Section: "start-reload/MenuInfoRegistryImpl/"
[01:15:40] [main/TRACE] [REI] [REIServerPlugin END] Reloading Section: "start-reload/MenuInfoRegistryImpl/" done in 47.57 μs
[01:15:40] [main/TRACE] [REI] [REIServerPlugin END] Reloading Section: "start-reload/SlotAccessorRegistryImpl/"
[01:15:40] [main/TRACE] [REI] [REIServerPlugin END] Reloading Section: "start-reload/SlotAccessorRegistryImpl/" done in 42.87 μs
[01:15:40] [main/TRACE] [REI] [REIServerPlugin END] Reloading Section: "start-reload/" done in 299.0 μs
[01:15:40] [main/DEBUG] [REI] ========================================
[01:15:40] [main/DEBUG] [REI] REIServerPlugin started main-reload for END.
[01:15:40] [main/DEBUG] [REI] ========================================
[01:15:40] [main/TRACE] [REI] [REIServerPlugin END] Reloading Section: "reloadable-plugin/MenuInfoRegistryImpl/"
[01:15:40] [main/TRACE] [REI] [REIServerPlugin END] Reloading Section: "reloadable-plugin/MenuInfoRegistryImpl/DefaultPlugin of DefaultPlugin [roughlyenoughitems]/"
[01:15:40] [main/TRACE] [REI] [REIServerPlugin END] Reloading Section: "reloadable-plugin/MenuInfoRegistryImpl/DefaultPlugin of DefaultPlugin [roughlyenoughitems]/" done in 56.47 μs
[01:15:40] [main/TRACE] [REI] [REIServerPlugin END] Reloading Section: "reloadable-plugin/MenuInfoRegistryImpl/FabricFluidAPISupportPlugin/"
[01:15:40] [main/TRACE] [REI] [REIServerPlugin END] Reloading Section: "reloadable-plugin/MenuInfoRegistryImpl/FabricFluidAPISupportPlugin/" done in 40.46 μs
[01:15:40] [main/TRACE] [REI] [REIServerPlugin END] Reloading Section: "reloadable-plugin/MenuInfoRegistryImpl/DefaultRuntimePlugin of DefaultRuntimePlugin [roughlyenoughitems]/"
[01:15:40] [main/TRACE] [REI] [REIServerPlugin END] Reloading Section: "reloadable-plugin/MenuInfoRegistryImpl/DefaultRuntimePlugin of DefaultRuntimePlugin [roughlyenoughitems]/" done in 40.01 μs
[01:15:40] [main/TRACE] [REI] [REIServerPlugin END] Reloading Section: "reloadable-plugin/MenuInfoRegistryImpl/AetherREIServerPlugin of AetherREIServerPlugin [aether]/"
[01:15:40] [main/TRACE] [REI] [REIServerPlugin END] Reloading Section: "reloadable-plugin/MenuInfoRegistryImpl/AetherREIServerPlugin of AetherREIServerPlugin [aether]/" done in 46.34 μs
[01:15:40] [main/TRACE] [REI] [REIServerPlugin END] Reloading Section: "reloadable-plugin/MenuInfoRegistryImpl/" done in 509.7 μs
[01:15:40] [main/TRACE] [REI] [REIServerPlugin END] Reloading Section: "reloadable-plugin/SlotAccessorRegistryImpl/"
[01:15:40] [main/TRACE] [REI] [REIServerPlugin END] Reloading Section: "reloadable-plugin/SlotAccessorRegistryImpl/DefaultPlugin of DefaultPlugin [roughlyenoughitems]/"
[01:15:40] [main/TRACE] [REI] [REIServerPlugin END] Reloading Section: "reloadable-plugin/SlotAccessorRegistryImpl/DefaultPlugin of DefaultPlugin [roughlyenoughitems]/" done in 45.98 μs
[01:15:40] [main/TRACE] [REI] [REIServerPlugin END] Reloading Section: "reloadable-plugin/SlotAccessorRegistryImpl/FabricFluidAPISupportPlugin/"
[01:15:40] [main/TRACE] [REI] [REIServerPlugin END] Reloading Section: "reloadable-plugin/SlotAccessorRegistryImpl/FabricFluidAPISupportPlugin/" done in 36.57 μs
[01:15:40] [main/TRACE] [REI] [REIServerPlugin END] Reloading Section: "reloadable-plugin/SlotAccessorRegistryImpl/DefaultRuntimePlugin of DefaultRuntimePlugin [roughlyenoughitems]/"
[01:15:40] [main/DEBUG] [REI] Added slot accessor serializer: me.shedaniel.rei.plugin.common.runtime.DefaultRuntimePlugin$1@68639c78 [roughlyenoughitems:vanilla]
[01:15:40] [main/DEBUG] [REI] Added slot accessor serializer: me.shedaniel.rei.plugin.common.runtime.DefaultRuntimePlugin$2@4d2f2091 [roughlyenoughitems:player]
[01:15:40] [main/TRACE] [REI] [REIServerPlugin END] Reloading Section: "reloadable-plugin/SlotAccessorRegistryImpl/DefaultRuntimePlugin of DefaultRuntimePlugin [roughlyenoughitems]/" done in 1.681 ms
[01:15:40] [main/TRACE] [REI] [REIServerPlugin END] Reloading Section: "reloadable-plugin/SlotAccessorRegistryImpl/AetherREIServerPlugin of AetherREIServerPlugin [aether]/"
[01:15:40] [main/TRACE] [REI] [REIServerPlugin END] Reloading Section: "reloadable-plugin/SlotAccessorRegistryImpl/AetherREIServerPlugin of AetherREIServerPlugin [aether]/" done in 51.64 μs
[01:15:40] [main/TRACE] [REI] [REIServerPlugin END] Reloading Section: "reloadable-plugin/SlotAccessorRegistryImpl/" done in 2.182 ms
[01:15:40] [main/DEBUG] [REI] ========================================
[01:15:40] [main/DEBUG] [REI] REIServerPlugin ending main-reload for END.
[01:15:40] [main/DEBUG] [REI] ========================================
[01:15:40] [main/TRACE] [REI] [REIServerPlugin END] Reloading Section: "end-reload/"
[01:15:40] [main/TRACE] [REI] [REIServerPlugin END] Reloading Section: "end-reload/MenuInfoRegistryImpl/"
[01:15:40] [main/DEBUG] [REI] Registered 0 menu infos
[01:15:40] [main/TRACE] [REI] [REIServerPlugin END] Reloading Section: "end-reload/MenuInfoRegistryImpl/" done in 114.9 μs
[01:15:40] [main/TRACE] [REI] [REIServerPlugin END] Reloading Section: "end-reload/SlotAccessorRegistryImpl/"
[01:15:40] [main/DEBUG] [REI] Registered 2 slot accessor serializers
[01:15:40] [main/TRACE] [REI] [REIServerPlugin END] Reloading Section: "end-reload/SlotAccessorRegistryImpl/" done in 106.6 μs
[01:15:40] [main/TRACE] [REI] [REIServerPlugin END] Reloading Section: "end-reload/" done in 407.2 μs
[01:15:40] [main/DEBUG] [REI] ========================================
[01:15:40] [main/DEBUG] [REI] REIServerPlugin ended main-reload for END in 5.751 ms.
[01:15:40] [main/DEBUG] [REI] ========================================
[01:15:40] [main/DEBUG] [REI] ========================================
[01:15:40] [main/DEBUG] [REI] REIPlugin starting post-reload for END.
[01:15:40] [main/DEBUG] [REI] Reloadables (7):
[01:15:40] [main/DEBUG] [REI]  - EntryTypeRegistryImpl
[01:15:40] [main/DEBUG] [REI]  - EntrySettingsAdapterRegistryImpl
[01:15:40] [main/DEBUG] [REI]  - RecipeManagerContextImpl
[01:15:40] [main/DEBUG] [REI]  - ItemComparatorRegistryImpl
[01:15:40] [main/DEBUG] [REI]  - FluidComparatorRegistryImpl
[01:15:40] [main/DEBUG] [REI]  - DisplaySerializerRegistryImpl
[01:15:40] [main/DEBUG] [REI]  - FluidSupportProviderImpl
[01:15:40] [main/DEBUG] [REI] Plugins (4):
[01:15:40] [main/DEBUG] [REI]  - (-100.00) DefaultPlugin of DefaultPlugin [roughlyenoughitems]
[01:15:40] [main/DEBUG] [REI]  - (0.00) FabricFluidAPISupportPlugin
[01:15:40] [main/DEBUG] [REI]  - (0.00) DefaultRuntimePlugin of DefaultRuntimePlugin [roughlyenoughitems]
[01:15:40] [main/DEBUG] [REI]  - (0.00) AetherREIServerPlugin of AetherREIServerPlugin [aether]
[01:15:40] [main/DEBUG] [REI] ========================================
[01:15:40] [main/TRACE] [REI] [REIPlugin END] Reloading Section: "post-register/"
[01:15:40] [main/TRACE] [REI] [REIPlugin END] Reloading Section: "post-register/DefaultPlugin of DefaultPlugin [roughlyenoughitems]/"
[01:15:40] [main/TRACE] [REI] [REIPlugin END] Reloading Section: "post-register/DefaultPlugin of DefaultPlugin [roughlyenoughitems]/" done in 38.79 μs
[01:15:40] [main/TRACE] [REI] [REIPlugin END] Reloading Section: "post-register/FabricFluidAPISupportPlugin/"
[01:15:40] [main/TRACE] [REI] [REIPlugin END] Reloading Section: "post-register/FabricFluidAPISupportPlugin/" done in 35.57 μs
[01:15:40] [main/TRACE] [REI] [REIPlugin END] Reloading Section: "post-register/DefaultRuntimePlugin of DefaultRuntimePlugin [roughlyenoughitems]/"
[01:15:40] [main/TRACE] [REI] [REIPlugin END] Reloading Section: "post-register/DefaultRuntimePlugin of DefaultRuntimePlugin [roughlyenoughitems]/" done in 35.11 μs
[01:15:40] [main/TRACE] [REI] [REIPlugin END] Reloading Section: "post-register/AetherREIServerPlugin of AetherREIServerPlugin [aether]/"
[01:15:40] [main/TRACE] [REI] [REIPlugin END] Reloading Section: "post-register/AetherREIServerPlugin of AetherREIServerPlugin [aether]/" done in 33.14 μs
[01:15:40] [main/TRACE] [REI] [REIPlugin END] Reloading Section: "post-register/" done in 489.2 μs
[01:15:40] [main/TRACE] [REI] [REIPlugin END] Reloading Section: "post-stage/"
[01:15:40] [main/TRACE] [REI] [REIPlugin END] Reloading Section: "post-stage/EntryTypeRegistryImpl/"
[01:15:40] [main/TRACE] [REI] [REIPlugin END] Reloading Section: "post-stage/EntryTypeRegistryImpl/" done in 34.21 μs
[01:15:40] [main/TRACE] [REI] [REIPlugin END] Reloading Section: "post-stage/EntrySettingsAdapterRegistryImpl/"
[01:15:40] [main/TRACE] [REI] [REIPlugin END] Reloading Section: "post-stage/EntrySettingsAdapterRegistryImpl/" done in 32.62 μs
[01:15:40] [main/TRACE] [REI] [REIPlugin END] Reloading Section: "post-stage/RecipeManagerContextImpl/"
[01:15:40] [main/TRACE] [REI] [REIPlugin END] Reloading Section: "post-stage/RecipeManagerContextImpl/" done in 31.43 μs
[01:15:40] [main/TRACE] [REI] [REIPlugin END] Reloading Section: "post-stage/ItemComparatorRegistryImpl/"
[01:15:40] [main/TRACE] [REI] [REIPlugin END] Reloading Section: "post-stage/ItemComparatorRegistryImpl/" done in 31.79 μs
[01:15:40] [main/TRACE] [REI] [REIPlugin END] Reloading Section: "post-stage/FluidComparatorRegistryImpl/"
[01:15:40] [main/TRACE] [REI] [REIPlugin END] Reloading Section: "post-stage/FluidComparatorRegistryImpl/" done in 26.71 μs
[01:15:40] [main/TRACE] [REI] [REIPlugin END] Reloading Section: "post-stage/DisplaySerializerRegistryImpl/"
[01:15:40] [main/TRACE] [REI] [REIPlugin END] Reloading Section: "post-stage/DisplaySerializerRegistryImpl/" done in 21.83 μs
[01:15:40] [main/TRACE] [REI] [REIPlugin END] Reloading Section: "post-stage/FluidSupportProviderImpl/"
[01:15:40] [main/TRACE] [REI] [REIPlugin END] Reloading Section: "post-stage/FluidSupportProviderImpl/" done in 19.31 μs
[01:15:40] [main/TRACE] [REI] [REIPlugin END] Reloading Section: "post-stage/" done in 694.3 μs
[01:15:40] [main/DEBUG] [REI] ========================================
[01:15:40] [main/INFO] [REI] REIPlugin finished post-reload for END in 1.288 ms, totaling 38.27 ms.
[01:15:40] [main/DEBUG] [REI] ========================================
[01:15:40] [main/DEBUG] [REI] ========================================
[01:15:40] [main/DEBUG] [REI] REIServerPlugin starting post-reload for END.
[01:15:40] [main/DEBUG] [REI] Reloadables (2):
[01:15:40] [main/DEBUG] [REI]  - MenuInfoRegistryImpl
[01:15:40] [main/DEBUG] [REI]  - SlotAccessorRegistryImpl
[01:15:40] [main/DEBUG] [REI] Plugins (4):
[01:15:40] [main/DEBUG] [REI]  - (-100.00) DefaultPlugin of DefaultPlugin [roughlyenoughitems]
[01:15:40] [main/DEBUG] [REI]  - (0.00) FabricFluidAPISupportPlugin
[01:15:40] [main/DEBUG] [REI]  - (0.00) DefaultRuntimePlugin of DefaultRuntimePlugin [roughlyenoughitems]
[01:15:40] [main/DEBUG] [REI]  - (0.00) AetherREIServerPlugin of AetherREIServerPlugin [aether]
[01:15:40] [main/DEBUG] [REI] ========================================
[01:15:40] [main/TRACE] [REI] [REIServerPlugin END] Reloading Section: "post-register/"
[01:15:40] [main/TRACE] [REI] [REIServerPlugin END] Reloading Section: "post-register/DefaultPlugin of DefaultPlugin [roughlyenoughitems]/"
[01:15:40] [main/TRACE] [REI] [REIServerPlugin END] Reloading Section: "post-register/DefaultPlugin of DefaultPlugin [roughlyenoughitems]/" done in 39.19 μs
[01:15:40] [main/TRACE] [REI] [REIServerPlugin END] Reloading Section: "post-register/FabricFluidAPISupportPlugin/"
[01:15:40] [main/TRACE] [REI] [REIServerPlugin END] Reloading Section: "post-register/FabricFluidAPISupportPlugin/" done in 42.60 μs
[01:15:40] [main/TRACE] [REI] [REIServerPlugin END] Reloading Section: "post-register/DefaultRuntimePlugin of DefaultRuntimePlugin [roughlyenoughitems]/"
[01:15:40] [main/TRACE] [REI] [REIServerPlugin END] Reloading Section: "post-register/DefaultRuntimePlugin of DefaultRuntimePlugin [roughlyenoughitems]/" done in 43.10 μs
[01:15:40] [main/TRACE] [REI] [REIServerPlugin END] Reloading Section: "post-register/AetherREIServerPlugin of AetherREIServerPlugin [aether]/"
[01:15:40] [main/TRACE] [REI] [REIServerPlugin END] Reloading Section: "post-register/AetherREIServerPlugin of AetherREIServerPlugin [aether]/" done in 54.09 μs
[01:15:40] [main/TRACE] [REI] [REIServerPlugin END] Reloading Section: "post-register/" done in 657.6 μs
[01:15:40] [main/TRACE] [REI] [REIServerPlugin END] Reloading Section: "post-stage/"
[01:15:40] [main/TRACE] [REI] [REIServerPlugin END] Reloading Section: "post-stage/MenuInfoRegistryImpl/"
[01:15:40] [main/TRACE] [REI] [REIServerPlugin END] Reloading Section: "post-stage/MenuInfoRegistryImpl/" done in 46.26 μs
[01:15:40] [main/TRACE] [REI] [REIServerPlugin END] Reloading Section: "post-stage/SlotAccessorRegistryImpl/"
[01:15:40] [main/TRACE] [REI] [REIServerPlugin END] Reloading Section: "post-stage/SlotAccessorRegistryImpl/" done in 39.43 μs
[01:15:40] [main/TRACE] [REI] [REIServerPlugin END] Reloading Section: "post-stage/" done in 273.5 μs
[01:15:40] [main/DEBUG] [REI] ========================================
[01:15:40] [main/INFO] [REI] REIServerPlugin finished post-reload for END in 1.050 ms, totaling 7.860 ms.
[01:15:40] [main/DEBUG] [REI] ========================================
